# JRE version: Java(TM) SE Runtime Environment (7.0_79-b15) (build 1.7.0_79-b15)
# Java VM: Java HotSpot(TM) Server VM (24.79-b02 mixed mode linux-x86 )
Heap
 PSYoungGen      total 18432K, used 2555K [0x9df80000, 0x9f400000, 0xb3500000)
  eden space 15872K, 0% used [0x9df80000,0x9df80000,0x9ef00000)
  from space 2560K, 99% used [0x9ef00000,0x9f17eea0,0x9f180000)
  to   space 2560K, 0% used [0x9f180000,0x9f180000,0x9f400000)
 ParOldGen       total 41728K, used 4120K [0x73500000, 0x75dc0000, 0x9df80000)
  object space 41728K, 9% used [0x73500000,0x73906390,0x75dc0000)
 PSPermGen       total 16384K, used 3880K [0x6f500000, 0x70500000, 0x73500000)
  object space 16384K, 23% used [0x6f500000,0x6f8ca1e8,0x70500000)
GC Heap History (5 events):
Event: 4.354 GC heap before
{Heap before GC invocations=1 (full 0):
 PSYoungGen      total 18432K, used 15872K [0x9df80000, 0x9f400000, 0xb3500000)
  eden space 15872K, 100% used [0x9df80000,0x9ef00000,0x9ef00000)
  from space 2560K, 0% used [0x9f180000,0x9f180000,0x9f400000)
  to   space 2560K, 0% used [0x9ef00000,0x9ef00000,0x9f180000)
 ParOldGen       total 41728K, used 0K [0x73500000, 0x75dc0000, 0x9df80000)
  object space 41728K, 0% used [0x73500000,0x73500000,0x75dc0000)
 PSPermGen       total 16384K, used 3666K [0x6f500000, 0x70500000, 0x73500000)
  object space 16384K, 22% used [0x6f500000,0x6f894a38,0x70500000)
Event: 4.381 GC heap after
Heap after GC invocations=1 (full 0):
 PSYoungGen      total 18432K, used 2551K [0x9df80000, 0x9f400000, 0xb3500000)
  eden space 15872K, 0% used [0x9df80000,0x9df80000,0x9ef00000)
  from space 2560K, 99% used [0x9ef00000,0x9f17dfa8,0x9f180000)
  to   space 2560K, 0% used [0x9f180000,0x9f180000,0x9f400000)
 ParOldGen       total 41728K, used 403K [0x73500000, 0x75dc0000, 0x9df80000)
  object space 41728K, 0% used [0x73500000,0x73564cc8,0x75dc0000)
 PSPermGen       total 16384K, used 3666K [0x6f500000, 0x70500000, 0x73500000)
  object space 16384K, 22% used [0x6f500000,0x6f894a38,0x70500000)
}
Event: 6.935 GC heap before
{Heap before GC invocations=2 (full 0):
 PSYoungGen      total 18432K, used 18423K [0x9df80000, 0x9f400000, 0xb3500000)
  eden space 15872K, 100% used [0x9df80000,0x9ef00000,0x9ef00000)
  from space 2560K, 99% used [0x9ef00000,0x9f17dfa8,0x9f180000)
  to   space 2560K, 0% used [0x9f180000,0x9f180000,0x9f400000)
 ParOldGen       total 41728K, used 403K [0x73500000, 0x75dc0000, 0x9df80000)
  object space 41728K, 0% used [0x73500000,0x73564cc8,0x75dc0000)
 PSPermGen       total 16384K, used 3813K [0x6f500000, 0x70500000, 0x73500000)
  object space 16384K, 23% used [0x6f500000,0x6f8b94e8,0x70500000)
Event: 6.966 GC heap after
Heap after GC invocations=2 (full 0):
 PSYoungGen      total 18432K, used 2550K [0x9df80000, 0x9f400000, 0xb3500000)
  eden space 15872K, 0% used [0x9df80000,0x9df80000,0x9ef00000)
  from space 2560K, 99% used [0x9f180000,0x9f3fd950,0x9f400000)
  to   space 2560K, 0% used [0x9ef00000,0x9ef00000,0x9f180000)
 ParOldGen       total 41728K, used 1920K [0x73500000, 0x75dc0000, 0x9df80000)
  object space 41728K, 4% used [0x73500000,0x736e0380,0x75dc0000)
 PSPermGen       total 16384K, used 3813K [0x6f500000, 0x70500000, 0x73500000)
  object space 16384K, 23% used [0x6f500000,0x6f8b94e8,0x70500000)
}
Event: 11.356 GC heap before
{Heap before GC invocations=3 (full 0):
 PSYoungGen      total 18432K, used 18422K [0x9df80000, 0x9f400000, 0xb3500000)
  eden space 15872K, 100% used [0x9df80000,0x9ef00000,0x9ef00000)
  from space 2560K, 99% used [0x9f180000,0x9f3fd950,0x9f400000)
  to   space 2560K, 0% used [0x9ef00000,0x9ef00000,0x9f180000)
 ParOldGen       total 41728K, used 1920K [0x73500000, 0x75dc0000, 0x9df80000)
  object space 41728K, 4% used [0x73500000,0x736e0380,0x75dc0000)
 PSPermGen       total 16384K, used 3880K [0x6f500000, 0x70500000, 0x73500000)
  object space 16384K, 23% used [0x6f500000,0x6f8ca1e8,0x70500000)

