# JRE version: Java(TM) SE Runtime Environment (7.0_79-b15) (build 1.7.0_79-b15)
# Java VM: Java HotSpot(TM) Server VM (24.79-b02 mixed mode linux-x86 )
Heap
 PSYoungGen      total 34304K, used 2556K [0x9dfc0000, 0xa03c0000, 0xb3540000)
  eden space 31744K, 0% used [0x9dfc0000,0x9dfc0000,0x9fec0000)
  from space 2560K, 99% used [0x9fec0000,0xa013f1c8,0xa0140000)
  to   space 2560K, 0% used [0xa0140000,0xa0140000,0xa03c0000)
 ParOldGen       total 41728K, used 25515K [0x73540000, 0x75e00000, 0x9dfc0000)
  object space 41728K, 61% used [0x73540000,0x74e2ad28,0x75e00000)
 PSPermGen       total 16384K, used 3670K [0x6f540000, 0x70540000, 0x73540000)
  object space 16384K, 22% used [0x6f540000,0x6f8d5ba0,0x70540000)
GC Heap History (9 events):
Event: 11.159 GC heap before
{Heap before GC invocations=1 (full 0):
 PSYoungGen      total 18432K, used 15872K [0x9dfc0000, 0x9f440000, 0xb3540000)
  eden space 15872K, 100% used [0x9dfc0000,0x9ef40000,0x9ef40000)
  from space 2560K, 0% used [0x9f1c0000,0x9f1c0000,0x9f440000)
  to   space 2560K, 0% used [0x9ef40000,0x9ef40000,0x9f1c0000)
 ParOldGen       total 41728K, used 0K [0x73540000, 0x75e00000, 0x9dfc0000)
  object space 41728K, 0% used [0x73540000,0x73540000,0x75e00000)
 PSPermGen       total 16384K, used 3498K [0x6f540000, 0x70540000, 0x73540000)
  object space 16384K, 21% used [0x6f540000,0x6f8aa878,0x70540000)
Event: 11.181 GC heap after
Heap after GC invocations=1 (full 0):
 PSYoungGen      total 18432K, used 2559K [0x9dfc0000, 0x9f440000, 0xb3540000)
  eden space 15872K, 0% used [0x9dfc0000,0x9dfc0000,0x9ef40000)
  from space 2560K, 99% used [0x9ef40000,0x9f1bfdb0,0x9f1c0000)
  to   space 2560K, 0% used [0x9f1c0000,0x9f1c0000,0x9f440000)
 ParOldGen       total 41728K, used 1514K [0x73540000, 0x75e00000, 0x9dfc0000)
  object space 41728K, 3% used [0x73540000,0x736ba890,0x75e00000)
 PSPermGen       total 16384K, used 3498K [0x6f540000, 0x70540000, 0x73540000)
  object space 16384K, 21% used [0x6f540000,0x6f8aa878,0x70540000)
}
Event: 12.990 GC heap before
{Heap before GC invocations=2 (full 0):
 PSYoungGen      total 18432K, used 18431K [0x9dfc0000, 0x9f440000, 0xb3540000)
  eden space 15872K, 100% used [0x9dfc0000,0x9ef40000,0x9ef40000)
  from space 2560K, 99% used [0x9ef40000,0x9f1bfdb0,0x9f1c0000)
  to   space 2560K, 0% used [0x9f1c0000,0x9f1c0000,0x9f440000)
 ParOldGen       total 41728K, used 1514K [0x73540000, 0x75e00000, 0x9dfc0000)
  object space 41728K, 3% used [0x73540000,0x736ba890,0x75e00000)
 PSPermGen       total 16384K, used 3593K [0x6f540000, 0x70540000, 0x73540000)
  object space 16384K, 21% used [0x6f540000,0x6f8c2680,0x70540000)
Event: 13.019 GC heap after
Heap after GC invocations=2 (full 0):
 PSYoungGen      total 18432K, used 2549K [0x9dfc0000, 0x9f440000, 0xb3540000)
  eden space 15872K, 0% used [0x9dfc0000,0x9dfc0000,0x9ef40000)
  from space 2560K, 99% used [0x9f1c0000,0x9f43d440,0x9f440000)
  to   space 2560K, 0% used [0x9ef40000,0x9ef40000,0x9f1c0000)
 ParOldGen       total 41728K, used 4076K [0x73540000, 0x75e00000, 0x9dfc0000)
  object space 41728K, 9% used [0x73540000,0x7393b2d0,0x75e00000)
 PSPermGen       total 16384K, used 3593K [0x6f540000, 0x70540000, 0x73540000)
  object space 16384K, 21% used [0x6f540000,0x6f8c2680,0x70540000)
}
Event: 14.705 GC heap before
{Heap before GC invocations=3 (full 0):
 PSYoungGen      total 18432K, used 18421K [0x9dfc0000, 0x9f440000, 0xb3540000)
  eden space 15872K, 100% used [0x9dfc0000,0x9ef40000,0x9ef40000)
  from space 2560K, 99% used [0x9f1c0000,0x9f43d440,0x9f440000)
  to   space 2560K, 0% used [0x9ef40000,0x9ef40000,0x9f1c0000)
 ParOldGen       total 41728K, used 4076K [0x73540000, 0x75e00000, 0x9dfc0000)
  object space 41728K, 9% used [0x73540000,0x7393b2d0,0x75e00000)
 PSPermGen       total 16384K, used 3630K [0x6f540000, 0x70540000, 0x73540000)
  object space 16384K, 22% used [0x6f540000,0x6f8cb9e0,0x70540000)
Event: 14.844 GC heap after
Heap after GC invocations=3 (full 0):
 PSYoungGen      total 18432K, used 2549K [0x9dfc0000, 0xa03c0000, 0xb3540000)
  eden space 15872K, 0% used [0x9dfc0000,0x9dfc0000,0x9ef40000)
  from space 2560K, 99% used [0x9ef40000,0x9f1bd4a0,0x9f1c0000)
  to   space 2560K, 0% used [0xa0140000,0xa0140000,0xa03c0000)
 ParOldGen       total 41728K, used 7713K [0x73540000, 0x75e00000, 0x9dfc0000)
  object space 41728K, 18% used [0x73540000,0x73cc86c8,0x75e00000)
 PSPermGen       total 16384K, used 3630K [0x6f540000, 0x70540000, 0x73540000)
  object space 16384K, 22% used [0x6f540000,0x6f8cb9e0,0x70540000)
}
Event: 16.325 GC heap before
{Heap before GC invocations=4 (full 0):
 PSYoungGen      total 18432K, used 18421K [0x9dfc0000, 0xa03c0000, 0xb3540000)
  eden space 15872K, 100% used [0x9dfc0000,0x9ef40000,0x9ef40000)
  from space 2560K, 99% used [0x9ef40000,0x9f1bd4a0,0x9f1c0000)
  to   space 2560K, 0% used [0xa0140000,0xa0140000,0xa03c0000)
 ParOldGen       total 41728K, used 7713K [0x73540000, 0x75e00000, 0x9dfc0000)
  object space 41728K, 18% used [0x73540000,0x73cc86c8,0x75e00000)
 PSPermGen       total 16384K, used 3646K [0x6f540000, 0x70540000, 0x73540000)
  object space 16384K, 22% used [0x6f540000,0x6f8cfbb0,0x70540000)
Event: 16.403 GC heap after
Heap after GC invocations=4 (full 0):
 PSYoungGen      total 34304K, used 2551K [0x9dfc0000, 0xa03c0000, 0xb3540000)
  eden space 31744K, 0% used [0x9dfc0000,0x9dfc0000,0x9fec0000)
  from space 2560K, 99% used [0xa0140000,0xa03bdf50,0xa03c0000)
  to   space 2560K, 0% used [0x9fec0000,0x9fec0000,0xa0140000)
 ParOldGen       total 41728K, used 15165K [0x73540000, 0x75e00000, 0x9dfc0000)
  object space 41728K, 36% used [0x73540000,0x7440f6d8,0x75e00000)
 PSPermGen       total 16384K, used 3646K [0x6f540000, 0x70540000, 0x73540000)
  object space 16384K, 22% used [0x6f540000,0x6f8cfbb0,0x70540000)
}
Event: 19.504 GC heap before
{Heap before GC invocations=5 (full 0):
 PSYoungGen      total 34304K, used 34295K [0x9dfc0000, 0xa03c0000, 0xb3540000)
  eden space 31744K, 100% used [0x9dfc0000,0x9fec0000,0x9fec0000)
  from space 2560K, 99% used [0xa0140000,0xa03bdf50,0xa03c0000)
  to   space 2560K, 0% used [0x9fec0000,0x9fec0000,0xa0140000)
 ParOldGen       total 41728K, used 15165K [0x73540000, 0x75e00000, 0x9dfc0000)
  object space 41728K, 36% used [0x73540000,0x7440f6d8,0x75e00000)
 PSPermGen       total 16384K, used 3670K [0x6f540000, 0x70540000, 0x73540000)
  object space 16384K, 22% used [0x6f540000,0x6f8d5ba0,0x70540000)

