# JRE version: Java(TM) SE Runtime Environment (7.0_79-b15) (build 1.7.0_79-b15)
# Java VM: Java HotSpot(TM) Server VM (24.79-b02 mixed mode linux-x86 )
Heap
 PSYoungGen      total 66048K, used 2555K [0x9df80000, 0xa2280000, 0xb3500000)
  eden space 63488K, 0% used [0x9df80000,0x9df80000,0xa1d80000)
  from space 2560K, 99% used [0xa1d80000,0xa1ffede0,0xa2000000)
  to   space 2560K, 0% used [0xa2000000,0xa2000000,0xa2280000)
 ParOldGen       total 41728K, used 19112K [0x73500000, 0x75dc0000, 0x9df80000)
  object space 41728K, 45% used [0x73500000,0x747aa190,0x75dc0000)
 PSPermGen       total 16384K, used 3945K [0x6f500000, 0x70500000, 0x73500000)
  object space 16384K, 24% used [0x6f500000,0x6f8da640,0x70500000)
GC Heap History (9 events):
Event: 8.215 GC heap before
{Heap before GC invocations=1 (full 0):
 PSYoungGen      total 18432K, used 15872K [0x9df80000, 0x9f400000, 0xb3500000)
  eden space 15872K, 100% used [0x9df80000,0x9ef00000,0x9ef00000)
  from space 2560K, 0% used [0x9f180000,0x9f180000,0x9f400000)
  to   space 2560K, 0% used [0x9ef00000,0x9ef00000,0x9f180000)
 ParOldGen       total 41728K, used 0K [0x73500000, 0x75dc0000, 0x9df80000)
  object space 41728K, 0% used [0x73500000,0x73500000,0x75dc0000)
 PSPermGen       total 16384K, used 2180K [0x6f500000, 0x70500000, 0x73500000)
  object space 16384K, 13% used [0x6f500000,0x6f7210f8,0x70500000)
Event: 8.493 GC heap after
Heap after GC invocations=1 (full 0):
 PSYoungGen      total 18432K, used 977K [0x9df80000, 0xa0380000, 0xb3500000)
  eden space 15872K, 0% used [0x9df80000,0x9df80000,0x9ef00000)
  from space 2560K, 38% used [0x9ef00000,0x9eff47a8,0x9f180000)
  to   space 2560K, 0% used [0xa0100000,0xa0100000,0xa0380000)
 ParOldGen       total 41728K, used 0K [0x73500000, 0x75dc0000, 0x9df80000)
  object space 41728K, 0% used [0x73500000,0x73500000,0x75dc0000)
 PSPermGen       total 16384K, used 2180K [0x6f500000, 0x70500000, 0x73500000)
  object space 16384K, 13% used [0x6f500000,0x6f7210f8,0x70500000)
}
Event: 8.719 GC heap before
{Heap before GC invocations=2 (full 0):
 PSYoungGen      total 18432K, used 16849K [0x9df80000, 0xa0380000, 0xb3500000)
  eden space 15872K, 100% used [0x9df80000,0x9ef00000,0x9ef00000)
  from space 2560K, 38% used [0x9ef00000,0x9eff47a8,0x9f180000)
  to   space 2560K, 0% used [0xa0100000,0xa0100000,0xa0380000)
 ParOldGen       total 41728K, used 0K [0x73500000, 0x75dc0000, 0x9df80000)
  object space 41728K, 0% used [0x73500000,0x73500000,0x75dc0000)
 PSPermGen       total 16384K, used 2180K [0x6f500000, 0x70500000, 0x73500000)
  object space 16384K, 13% used [0x6f500000,0x6f7210f8,0x70500000)
Event: 8.721 GC heap after
Heap after GC invocations=2 (full 0):
 PSYoungGen      total 34304K, used 958K [0x9df80000, 0xa0380000, 0xb3500000)
  eden space 31744K, 0% used [0x9df80000,0x9df80000,0x9fe80000)
  from space 2560K, 37% used [0xa0100000,0xa01efa18,0xa0380000)
  to   space 2560K, 0% used [0x9fe80000,0x9fe80000,0xa0100000)
 ParOldGen       total 41728K, used 4K [0x73500000, 0x75dc0000, 0x9df80000)
  object space 41728K, 0% used [0x73500000,0x73501000,0x75dc0000)
 PSPermGen       total 16384K, used 2180K [0x6f500000, 0x70500000, 0x73500000)
  object space 16384K, 13% used [0x6f500000,0x6f7210f8,0x70500000)
}
Event: 44.236 GC heap before
{Heap before GC invocations=3 (full 0):
 PSYoungGen      total 34304K, used 32702K [0x9df80000, 0xa0380000, 0xb3500000)
  eden space 31744K, 100% used [0x9df80000,0x9fe80000,0x9fe80000)
  from space 2560K, 37% used [0xa0100000,0xa01efa18,0xa0380000)
  to   space 2560K, 0% used [0x9fe80000,0x9fe80000,0xa0100000)
 ParOldGen       total 41728K, used 4K [0x73500000, 0x75dc0000, 0x9df80000)
  object space 41728K, 0% used [0x73500000,0x73501000,0x75dc0000)
 PSPermGen       total 16384K, used 3870K [0x6f500000, 0x70500000, 0x73500000)
  object space 16384K, 23% used [0x6f500000,0x6f8c7b78,0x70500000)
Event: 44.350 GC heap after
Heap after GC invocations=3 (full 0):
 PSYoungGen      total 34304K, used 2549K [0x9df80000, 0xa2280000, 0xb3500000)
  eden space 31744K, 0% used [0x9df80000,0x9df80000,0x9fe80000)
  from space 2560K, 99% used [0x9fe80000,0xa00fd460,0xa0100000)
  to   space 2560K, 0% used [0xa2000000,0xa2000000,0xa2280000)
 ParOldGen       total 41728K, used 4387K [0x73500000, 0x75dc0000, 0x9df80000)
  object space 41728K, 10% used [0x73500000,0x73948f18,0x75dc0000)
 PSPermGen       total 16384K, used 3870K [0x6f500000, 0x70500000, 0x73500000)
  object space 16384K, 23% used [0x6f500000,0x6f8c7b78,0x70500000)
}
Event: 48.772 GC heap before
{Heap before GC invocations=4 (full 0):
 PSYoungGen      total 34304K, used 34293K [0x9df80000, 0xa2280000, 0xb3500000)
  eden space 31744K, 100% used [0x9df80000,0x9fe80000,0x9fe80000)
  from space 2560K, 99% used [0x9fe80000,0xa00fd460,0xa0100000)
  to   space 2560K, 0% used [0xa2000000,0xa2000000,0xa2280000)
 ParOldGen       total 41728K, used 4387K [0x73500000, 0x75dc0000, 0x9df80000)
  object space 41728K, 10% used [0x73500000,0x73948f18,0x75dc0000)
 PSPermGen       total 16384K, used 3915K [0x6f500000, 0x70500000, 0x73500000)
  object space 16384K, 23% used [0x6f500000,0x6f8d2e78,0x70500000)
Event: 48.886 GC heap after
Heap after GC invocations=4 (full 0):
 PSYoungGen      total 66048K, used 2546K [0x9df80000, 0xa2280000, 0xb3500000)
  eden space 63488K, 0% used [0x9df80000,0x9df80000,0xa1d80000)
  from space 2560K, 99% used [0xa2000000,0xa227c920,0xa2280000)
  to   space 2560K, 0% used [0xa1d80000,0xa1d80000,0xa2000000)
 ParOldGen       total 41728K, used 8637K [0x73500000, 0x75dc0000, 0x9df80000)
  object space 41728K, 20% used [0x73500000,0x73d6f688,0x75dc0000)
 PSPermGen       total 16384K, used 3915K [0x6f500000, 0x70500000, 0x73500000)
  object space 16384K, 23% used [0x6f500000,0x6f8d2e78,0x70500000)
}
Event: 57.161 GC heap before
{Heap before GC invocations=5 (full 0):
 PSYoungGen      total 66048K, used 66034K [0x9df80000, 0xa2280000, 0xb3500000)
  eden space 63488K, 100% used [0x9df80000,0xa1d80000,0xa1d80000)
  from space 2560K, 99% used [0xa2000000,0xa227c920,0xa2280000)
  to   space 2560K, 0% used [0xa1d80000,0xa1d80000,0xa2000000)
 ParOldGen       total 41728K, used 8637K [0x73500000, 0x75dc0000, 0x9df80000)
  object space 41728K, 20% used [0x73500000,0x73d6f688,0x75dc0000)
 PSPermGen       total 16384K, used 3945K [0x6f500000, 0x70500000, 0x73500000)
  object space 16384K, 24% used [0x6f500000,0x6f8da640,0x70500000)

