# JRE version: Java(TM) SE Runtime Environment (7.0_79-b15) (build 1.7.0_79-b15)
# Java VM: Java HotSpot(TM) Server VM (24.79-b02 mixed mode linux-x86 )
Heap
 PSYoungGen      total 34304K, used 2553K [0x9df80000, 0xa0380000, 0xb3500000)
  eden space 31744K, 0% used [0x9df80000,0x9df80000,0x9fe80000)
  from space 2560K, 99% used [0x9fe80000,0xa00fe760,0xa0100000)
  to   space 2560K, 0% used [0xa0100000,0xa0100000,0xa0380000)
 ParOldGen       total 41728K, used 12469K [0x73500000, 0x75dc0000, 0x9df80000)
  object space 41728K, 29% used [0x73500000,0x7412d790,0x75dc0000)
 PSPermGen       total 16384K, used 3929K [0x6f500000, 0x70500000, 0x73500000)
  object space 16384K, 23% used [0x6f500000,0x6f8d6560,0x70500000)
GC Heap History (9 events):
Event: 3.865 GC heap before
{Heap before GC invocations=1 (full 0):
 PSYoungGen      total 18432K, used 15872K [0x9df80000, 0x9f400000, 0xb3500000)
  eden space 15872K, 100% used [0x9df80000,0x9ef00000,0x9ef00000)
  from space 2560K, 0% used [0x9f180000,0x9f180000,0x9f400000)
  to   space 2560K, 0% used [0x9ef00000,0x9ef00000,0x9f180000)
 ParOldGen       total 41728K, used 0K [0x73500000, 0x75dc0000, 0x9df80000)
  object space 41728K, 0% used [0x73500000,0x73500000,0x75dc0000)
 PSPermGen       total 16384K, used 3703K [0x6f500000, 0x70500000, 0x73500000)
  object space 16384K, 22% used [0x6f500000,0x6f89dd00,0x70500000)
Event: 3.887 GC heap after
Heap after GC invocations=1 (full 0):
 PSYoungGen      total 18432K, used 2544K [0x9df80000, 0x9f400000, 0xb3500000)
  eden space 15872K, 0% used [0x9df80000,0x9df80000,0x9ef00000)
  from space 2560K, 99% used [0x9ef00000,0x9f17c1b8,0x9f180000)
  to   space 2560K, 0% used [0x9f180000,0x9f180000,0x9f400000)
 ParOldGen       total 41728K, used 613K [0x73500000, 0x75dc0000, 0x9df80000)
  object space 41728K, 1% used [0x73500000,0x73599688,0x75dc0000)
 PSPermGen       total 16384K, used 3703K [0x6f500000, 0x70500000, 0x73500000)
  object space 16384K, 22% used [0x6f500000,0x6f89dd00,0x70500000)
}
Event: 5.727 GC heap before
{Heap before GC invocations=2 (full 0):
 PSYoungGen      total 18432K, used 18416K [0x9df80000, 0x9f400000, 0xb3500000)
  eden space 15872K, 100% used [0x9df80000,0x9ef00000,0x9ef00000)
  from space 2560K, 99% used [0x9ef00000,0x9f17c1b8,0x9f180000)
  to   space 2560K, 0% used [0x9f180000,0x9f180000,0x9f400000)
 ParOldGen       total 41728K, used 613K [0x73500000, 0x75dc0000, 0x9df80000)
  object space 41728K, 1% used [0x73500000,0x73599688,0x75dc0000)
 PSPermGen       total 16384K, used 3857K [0x6f500000, 0x70500000, 0x73500000)
  object space 16384K, 23% used [0x6f500000,0x6f8c4488,0x70500000)
Event: 5.761 GC heap after
Heap after GC invocations=2 (full 0):
 PSYoungGen      total 18432K, used 2549K [0x9df80000, 0xa0380000, 0xb3500000)
  eden space 15872K, 0% used [0x9df80000,0x9df80000,0x9ef00000)
  from space 2560K, 99% used [0x9f180000,0x9f3fd760,0x9f400000)
  to   space 2560K, 0% used [0x9ef00000,0x9ef00000,0x9f180000)
 ParOldGen       total 41728K, used 2300K [0x73500000, 0x75dc0000, 0x9df80000)
  object space 41728K, 5% used [0x73500000,0x7373f3f8,0x75dc0000)
 PSPermGen       total 16384K, used 3857K [0x6f500000, 0x70500000, 0x73500000)
  object space 16384K, 23% used [0x6f500000,0x6f8c4488,0x70500000)
}
Event: 9.438 GC heap before
{Heap before GC invocations=3 (full 0):
 PSYoungGen      total 18432K, used 18421K [0x9df80000, 0xa0380000, 0xb3500000)
  eden space 15872K, 100% used [0x9df80000,0x9ef00000,0x9ef00000)
  from space 2560K, 99% used [0x9f180000,0x9f3fd760,0x9f400000)
  to   space 2560K, 0% used [0x9ef00000,0x9ef00000,0x9f180000)
 ParOldGen       total 41728K, used 2300K [0x73500000, 0x75dc0000, 0x9df80000)
  object space 41728K, 5% used [0x73500000,0x7373f3f8,0x75dc0000)
 PSPermGen       total 16384K, used 3885K [0x6f500000, 0x70500000, 0x73500000)
  object space 16384K, 23% used [0x6f500000,0x6f8cb710,0x70500000)
Event: 9.509 GC heap after
Heap after GC invocations=3 (full 0):
 PSYoungGen      total 18432K, used 2546K [0x9df80000, 0xa0380000, 0xb3500000)
  eden space 15872K, 0% used [0x9df80000,0x9df80000,0x9ef00000)
  from space 2560K, 99% used [0x9ef00000,0x9f17cbf8,0x9f180000)
  to   space 2560K, 0% used [0xa0100000,0xa0100000,0xa0380000)
 ParOldGen       total 41728K, used 4472K [0x73500000, 0x75dc0000, 0x9df80000)
  object space 41728K, 10% used [0x73500000,0x7395e2d8,0x75dc0000)
 PSPermGen       total 16384K, used 3885K [0x6f500000, 0x70500000, 0x73500000)
  object space 16384K, 23% used [0x6f500000,0x6f8cb710,0x70500000)
}
Event: 11.163 GC heap before
{Heap before GC invocations=4 (full 0):
 PSYoungGen      total 18432K, used 18418K [0x9df80000, 0xa0380000, 0xb3500000)
  eden space 15872K, 100% used [0x9df80000,0x9ef00000,0x9ef00000)
  from space 2560K, 99% used [0x9ef00000,0x9f17cbf8,0x9f180000)
  to   space 2560K, 0% used [0xa0100000,0xa0100000,0xa0380000)
 ParOldGen       total 41728K, used 4472K [0x73500000, 0x75dc0000, 0x9df80000)
  object space 41728K, 10% used [0x73500000,0x7395e2d8,0x75dc0000)
 PSPermGen       total 16384K, used 3906K [0x6f500000, 0x70500000, 0x73500000)
  object space 16384K, 23% used [0x6f500000,0x6f8d08a8,0x70500000)
Event: 11.301 GC heap after
Heap after GC invocations=4 (full 0):
 PSYoungGen      total 34304K, used 2547K [0x9df80000, 0xa0380000, 0xb3500000)
  eden space 31744K, 0% used [0x9df80000,0x9df80000,0x9fe80000)
  from space 2560K, 99% used [0xa0100000,0xa037ce00,0xa0380000)
  to   space 2560K, 0% used [0x9fe80000,0x9fe80000,0xa0100000)
 ParOldGen       total 41728K, used 7274K [0x73500000, 0x75dc0000, 0x9df80000)
  object space 41728K, 17% used [0x73500000,0x73c1aaf8,0x75dc0000)
 PSPermGen       total 16384K, used 3906K [0x6f500000, 0x70500000, 0x73500000)
  object space 16384K, 23% used [0x6f500000,0x6f8d08a8,0x70500000)
}
Event: 15.106 GC heap before
{Heap before GC invocations=5 (full 0):
 PSYoungGen      total 34304K, used 34291K [0x9df80000, 0xa0380000, 0xb3500000)
  eden space 31744K, 100% used [0x9df80000,0x9fe80000,0x9fe80000)
  from space 2560K, 99% used [0xa0100000,0xa037ce00,0xa0380000)
  to   space 2560K, 0% used [0x9fe80000,0x9fe80000,0xa0100000)
 ParOldGen       total 41728K, used 7274K [0x73500000, 0x75dc0000, 0x9df80000)
  object space 41728K, 17% used [0x73500000,0x73c1aaf8,0x75dc0000)
 PSPermGen       total 16384K, used 3929K [0x6f500000, 0x70500000, 0x73500000)
  object space 16384K, 23% used [0x6f500000,0x6f8d6560,0x70500000)

