# JRE version: Java(TM) SE Runtime Environment (7.0_79-b15) (build 1.7.0_79-b15)
# Java VM: Java HotSpot(TM) Server VM (24.79-b02 mixed mode linux-x86 )
Heap
 PSYoungGen      total 34304K, used 2558K [0x9e040000, 0xa0440000, 0xb35c0000)
  eden space 31744K, 0% used [0x9e040000,0x9e040000,0x9ff40000)
  from space 2560K, 99% used [0x9ff40000,0xa01bf920,0xa01c0000)
  to   space 2560K, 0% used [0xa01c0000,0xa01c0000,0xa0440000)
 ParOldGen       total 41728K, used 12984K [0x735c0000, 0x75e80000, 0x9e040000)
  object space 41728K, 31% used [0x735c0000,0x7426e198,0x75e80000)
 PSPermGen       total 16384K, used 3921K [0x6f5c0000, 0x705c0000, 0x735c0000)
  object space 16384K, 23% used [0x6f5c0000,0x6f9947e8,0x705c0000)
GC Heap History (9 events):
Event: 4.381 GC heap before
{Heap before GC invocations=1 (full 0):
 PSYoungGen      total 18432K, used 15872K [0x9e040000, 0x9f4c0000, 0xb35c0000)
  eden space 15872K, 100% used [0x9e040000,0x9efc0000,0x9efc0000)
  from space 2560K, 0% used [0x9f240000,0x9f240000,0x9f4c0000)
  to   space 2560K, 0% used [0x9efc0000,0x9efc0000,0x9f240000)
 ParOldGen       total 41728K, used 0K [0x735c0000, 0x75e80000, 0x9e040000)
  object space 41728K, 0% used [0x735c0000,0x735c0000,0x75e80000)
 PSPermGen       total 16384K, used 3749K [0x6f5c0000, 0x705c0000, 0x735c0000)
  object space 16384K, 22% used [0x6f5c0000,0x6f969560,0x705c0000)
Event: 4.402 GC heap after
Heap after GC invocations=1 (full 0):
 PSYoungGen      total 18432K, used 2548K [0x9e040000, 0x9f4c0000, 0xb35c0000)
  eden space 15872K, 0% used [0x9e040000,0x9e040000,0x9efc0000)
  from space 2560K, 99% used [0x9efc0000,0x9f23d1e0,0x9f240000)
  to   space 2560K, 0% used [0x9f240000,0x9f240000,0x9f4c0000)
 ParOldGen       total 41728K, used 1273K [0x735c0000, 0x75e80000, 0x9e040000)
  object space 41728K, 3% used [0x735c0000,0x736fe6c8,0x75e80000)
 PSPermGen       total 16384K, used 3749K [0x6f5c0000, 0x705c0000, 0x735c0000)
  object space 16384K, 22% used [0x6f5c0000,0x6f969560,0x705c0000)
}
Event: 7.306 GC heap before
{Heap before GC invocations=2 (full 0):
 PSYoungGen      total 18432K, used 18420K [0x9e040000, 0x9f4c0000, 0xb35c0000)
  eden space 15872K, 100% used [0x9e040000,0x9efc0000,0x9efc0000)
  from space 2560K, 99% used [0x9efc0000,0x9f23d1e0,0x9f240000)
  to   space 2560K, 0% used [0x9f240000,0x9f240000,0x9f4c0000)
 ParOldGen       total 41728K, used 1273K [0x735c0000, 0x75e80000, 0x9e040000)
  object space 41728K, 3% used [0x735c0000,0x736fe6c8,0x75e80000)
 PSPermGen       total 16384K, used 3852K [0x6f5c0000, 0x705c0000, 0x735c0000)
  object space 16384K, 23% used [0x6f5c0000,0x6f983250,0x705c0000)
Event: 7.381 GC heap after
Heap after GC invocations=2 (full 0):
 PSYoungGen      total 18432K, used 2549K [0x9e040000, 0xa0440000, 0xb35c0000)
  eden space 15872K, 0% used [0x9e040000,0x9e040000,0x9efc0000)
  from space 2560K, 99% used [0x9f240000,0x9f4bd4b0,0x9f4c0000)
  to   space 2560K, 0% used [0x9efc0000,0x9efc0000,0x9f240000)
 ParOldGen       total 41728K, used 3375K [0x735c0000, 0x75e80000, 0x9e040000)
  object space 41728K, 8% used [0x735c0000,0x7390bf80,0x75e80000)
 PSPermGen       total 16384K, used 3852K [0x6f5c0000, 0x705c0000, 0x735c0000)
  object space 16384K, 23% used [0x6f5c0000,0x6f983250,0x705c0000)
}
Event: 10.186 GC heap before
{Heap before GC invocations=3 (full 0):
 PSYoungGen      total 18432K, used 18421K [0x9e040000, 0xa0440000, 0xb35c0000)
  eden space 15872K, 100% used [0x9e040000,0x9efc0000,0x9efc0000)
  from space 2560K, 99% used [0x9f240000,0x9f4bd4b0,0x9f4c0000)
  to   space 2560K, 0% used [0x9efc0000,0x9efc0000,0x9f240000)
 ParOldGen       total 41728K, used 3375K [0x735c0000, 0x75e80000, 0x9e040000)
  object space 41728K, 8% used [0x735c0000,0x7390bf80,0x75e80000)
 PSPermGen       total 16384K, used 3877K [0x6f5c0000, 0x705c0000, 0x735c0000)
  object space 16384K, 23% used [0x6f5c0000,0x6f989638,0x705c0000)
Event: 10.306 GC heap after
Heap after GC invocations=3 (full 0):
 PSYoungGen      total 18432K, used 2550K [0x9e040000, 0xa0440000, 0xb35c0000)
  eden space 15872K, 0% used [0x9e040000,0x9e040000,0x9efc0000)
  from space 2560K, 99% used [0x9efc0000,0x9f23db08,0x9f240000)
  to   space 2560K, 0% used [0xa01c0000,0xa01c0000,0xa0440000)
 ParOldGen       total 41728K, used 5468K [0x735c0000, 0x75e80000, 0x9e040000)
  object space 41728K, 13% used [0x735c0000,0x73b17360,0x75e80000)
 PSPermGen       total 16384K, used 3877K [0x6f5c0000, 0x705c0000, 0x735c0000)
  object space 16384K, 23% used [0x6f5c0000,0x6f989638,0x705c0000)
}
Event: 12.689 GC heap before
{Heap before GC invocations=4 (full 0):
 PSYoungGen      total 18432K, used 18422K [0x9e040000, 0xa0440000, 0xb35c0000)
  eden space 15872K, 100% used [0x9e040000,0x9efc0000,0x9efc0000)
  from space 2560K, 99% used [0x9efc0000,0x9f23db08,0x9f240000)
  to   space 2560K, 0% used [0xa01c0000,0xa01c0000,0xa0440000)
 ParOldGen       total 41728K, used 5468K [0x735c0000, 0x75e80000, 0x9e040000)
  object space 41728K, 13% used [0x735c0000,0x73b17360,0x75e80000)
 PSPermGen       total 16384K, used 3907K [0x6f5c0000, 0x705c0000, 0x735c0000)
  object space 16384K, 23% used [0x6f5c0000,0x6f990f48,0x705c0000)
Event: 12.814 GC heap after
Heap after GC invocations=4 (full 0):
 PSYoungGen      total 34304K, used 2544K [0x9e040000, 0xa0440000, 0xb35c0000)
  eden space 31744K, 0% used [0x9e040000,0x9e040000,0x9ff40000)
  from space 2560K, 99% used [0xa01c0000,0xa043c258,0xa0440000)
  to   space 2560K, 0% used [0x9ff40000,0x9ff40000,0xa01c0000)
 ParOldGen       total 41728K, used 8330K [0x735c0000, 0x75e80000, 0x9e040000)
  object space 41728K, 19% used [0x735c0000,0x73de2a78,0x75e80000)
 PSPermGen       total 16384K, used 3907K [0x6f5c0000, 0x705c0000, 0x735c0000)
  object space 16384K, 23% used [0x6f5c0000,0x6f990f48,0x705c0000)
}
Event: 18.177 GC heap before
{Heap before GC invocations=5 (full 0):
 PSYoungGen      total 34304K, used 34288K [0x9e040000, 0xa0440000, 0xb35c0000)
  eden space 31744K, 100% used [0x9e040000,0x9ff40000,0x9ff40000)
  from space 2560K, 99% used [0xa01c0000,0xa043c258,0xa0440000)
  to   space 2560K, 0% used [0x9ff40000,0x9ff40000,0xa01c0000)
 ParOldGen       total 41728K, used 8330K [0x735c0000, 0x75e80000, 0x9e040000)
  object space 41728K, 19% used [0x735c0000,0x73de2a78,0x75e80000)
 PSPermGen       total 16384K, used 3921K [0x6f5c0000, 0x705c0000, 0x735c0000)
  object space 16384K, 23% used [0x6f5c0000,0x6f9947e8,0x705c0000)

