# JRE version: Java(TM) SE Runtime Environment (7.0_79-b15) (build 1.7.0_79-b15)
# Java VM: Java HotSpot(TM) Server VM (24.79-b02 mixed mode linux-x86 )
Heap
 PSYoungGen      total 140032K, used 19958K [0x9e040000, 0xa80c0000, 0xb35c0000)
  eden space 120064K, 0% used [0x9e040000,0x9e040000,0xa5580000)
  from space 19968K, 99% used [0xa5580000,0xa68fdbd8,0xa6900000)
  to   space 15616K, 0% used [0xa6900000,0xa6900000,0xa7840000)
 ParOldGen       total 41728K, used 37586K [0x735c0000, 0x75e80000, 0x9e040000)
  object space 41728K, 90% used [0x735c0000,0x75a74898,0x75e80000)
 PSPermGen       total 16384K, used 4024K [0x6f5c0000, 0x705c0000, 0x735c0000)
  object space 16384K, 24% used [0x6f5c0000,0x6f9ae390,0x705c0000)
GC Heap History (10 events):
Event: 10.770 GC heap after
Heap after GC invocations=4 (full 0):
 PSYoungGen      total 34304K, used 2559K [0x9e040000, 0xa0440000, 0xb35c0000)
  eden space 31744K, 0% used [0x9e040000,0x9e040000,0x9ff40000)
  from space 2560K, 99% used [0xa01c0000,0xa043fd20,0xa0440000)
  to   space 2560K, 0% used [0x9ff40000,0x9ff40000,0xa01c0000)
 ParOldGen       total 41728K, used 7123K [0x735c0000, 0x75e80000, 0x9e040000)
  object space 41728K, 17% used [0x735c0000,0x73cb4da0,0x75e80000)
 PSPermGen       total 16384K, used 3903K [0x6f5c0000, 0x705c0000, 0x735c0000)
  object space 16384K, 23% used [0x6f5c0000,0x6f98fd10,0x705c0000)
}
Event: 42.791 GC heap before
{Heap before GC invocations=5 (full 0):
 PSYoungGen      total 34304K, used 34303K [0x9e040000, 0xa0440000, 0xb35c0000)
  eden space 31744K, 100% used [0x9e040000,0x9ff40000,0x9ff40000)
  from space 2560K, 99% used [0xa01c0000,0xa043fd20,0xa0440000)
  to   space 2560K, 0% used [0x9ff40000,0x9ff40000,0xa01c0000)
 ParOldGen       total 41728K, used 7123K [0x735c0000, 0x75e80000, 0x9e040000)
  object space 41728K, 17% used [0x735c0000,0x73cb4da0,0x75e80000)
 PSPermGen       total 16384K, used 3925K [0x6f5c0000, 0x705c0000, 0x735c0000)
  object space 16384K, 23% used [0x6f5c0000,0x6f995790,0x705c0000)
Event: 43.142 GC heap after
Heap after GC invocations=5 (full 0):
 PSYoungGen      total 34304K, used 2551K [0x9e040000, 0xa2ec0000, 0xb35c0000)
  eden space 31744K, 0% used [0x9e040000,0x9e040000,0x9ff40000)
  from space 2560K, 99% used [0x9ff40000,0xa01bdf80,0xa01c0000)
  to   space 8448K, 0% used [0xa2680000,0xa2680000,0xa2ec0000)
 ParOldGen       total 41728K, used 11393K [0x735c0000, 0x75e80000, 0x9e040000)
  object space 41728K, 27% used [0x735c0000,0x740e0750,0x75e80000)
 PSPermGen       total 16384K, used 3925K [0x6f5c0000, 0x705c0000, 0x735c0000)
  object space 16384K, 23% used [0x6f5c0000,0x6f995790,0x705c0000)
}
Event: 46.441 GC heap before
{Heap before GC invocations=6 (full 0):
 PSYoungGen      total 34304K, used 34295K [0x9e040000, 0xa2ec0000, 0xb35c0000)
  eden space 31744K, 100% used [0x9e040000,0x9ff40000,0x9ff40000)
  from space 2560K, 99% used [0x9ff40000,0xa01bdf80,0xa01c0000)
  to   space 8448K, 0% used [0xa2680000,0xa2680000,0xa2ec0000)
 ParOldGen       total 41728K, used 11393K [0x735c0000, 0x75e80000, 0x9e040000)
  object space 41728K, 27% used [0x735c0000,0x740e0750,0x75e80000)
 PSPermGen       total 16384K, used 3938K [0x6f5c0000, 0x705c0000, 0x735c0000)
  object space 16384K, 24% used [0x6f5c0000,0x6f998be8,0x705c0000)
Event: 46.975 GC heap after
Heap after GC invocations=6 (full 0):
 PSYoungGen      total 70656K, used 7960K [0x9e040000, 0xa3140000, 0xb35c0000)
  eden space 62208K, 0% used [0x9e040000,0x9e040000,0xa1d00000)
  from space 8448K, 94% used [0xa2680000,0xa2e46050,0xa2ec0000)
  to   space 9728K, 0% used [0xa1d00000,0xa1d00000,0xa2680000)
 ParOldGen       total 41728K, used 11393K [0x735c0000, 0x75e80000, 0x9e040000)
  object space 41728K, 27% used [0x735c0000,0x740e0750,0x75e80000)
 PSPermGen       total 16384K, used 3938K [0x6f5c0000, 0x705c0000, 0x735c0000)
  object space 16384K, 24% used [0x6f5c0000,0x6f998be8,0x705c0000)
}
Event: 51.487 GC heap before
{Heap before GC invocations=7 (full 0):
 PSYoungGen      total 70656K, used 70168K [0x9e040000, 0xa3140000, 0xb35c0000)
  eden space 62208K, 100% used [0x9e040000,0xa1d00000,0xa1d00000)
  from space 8448K, 94% used [0xa2680000,0xa2e46050,0xa2ec0000)
  to   space 9728K, 0% used [0xa1d00000,0xa1d00000,0xa2680000)
 ParOldGen       total 41728K, used 11393K [0x735c0000, 0x75e80000, 0x9e040000)
  object space 41728K, 27% used [0x735c0000,0x740e0750,0x75e80000)
 PSPermGen       total 16384K, used 3967K [0x6f5c0000, 0x705c0000, 0x735c0000)
  object space 16384K, 24% used [0x6f5c0000,0x6f99fd08,0x705c0000)
Event: 51.562 GC heap after
Heap after GC invocations=7 (full 0):
 PSYoungGen      total 71936K, used 9714K [0x9e040000, 0xa7840000, 0xb35c0000)
  eden space 62208K, 0% used [0x9e040000,0x9e040000,0xa1d00000)
  from space 9728K, 99% used [0xa1d00000,0xa267c9f0,0xa2680000)
  to   space 15616K, 0% used [0xa6900000,0xa6900000,0xa7840000)
 ParOldGen       total 41728K, used 19437K [0x735c0000, 0x75e80000, 0x9e040000)
  object space 41728K, 46% used [0x735c0000,0x748bb638,0x75e80000)
 PSPermGen       total 16384K, used 3967K [0x6f5c0000, 0x705c0000, 0x735c0000)
  object space 16384K, 24% used [0x6f5c0000,0x6f99fd08,0x705c0000)
}
Event: 53.247 GC heap before
{Heap before GC invocations=8 (full 0):
 PSYoungGen      total 71936K, used 71922K [0x9e040000, 0xa7840000, 0xb35c0000)
  eden space 62208K, 100% used [0x9e040000,0xa1d00000,0xa1d00000)
  from space 9728K, 99% used [0xa1d00000,0xa267c9f0,0xa2680000)
  to   space 15616K, 0% used [0xa6900000,0xa6900000,0xa7840000)
 ParOldGen       total 41728K, used 19437K [0x735c0000, 0x75e80000, 0x9e040000)
  object space 41728K, 46% used [0x735c0000,0x748bb638,0x75e80000)
 PSPermGen       total 16384K, used 3982K [0x6f5c0000, 0x705c0000, 0x735c0000)
  object space 16384K, 24% used [0x6f5c0000,0x6f9a3ad8,0x705c0000)
Event: 53.286 GC heap after
Heap after GC invocations=8 (full 0):
 PSYoungGen      total 135680K, used 15614K [0x9e040000, 0xa80c0000, 0xb35c0000)
  eden space 120064K, 0% used [0x9e040000,0x9e040000,0xa5580000)
  from space 15616K, 99% used [0xa6900000,0xa783fbd0,0xa7840000)
  to   space 19968K, 0% used [0xa5580000,0xa5580000,0xa6900000)
 ParOldGen       total 41728K, used 23366K [0x735c0000, 0x75e80000, 0x9e040000)
  object space 41728K, 55% used [0x735c0000,0x74c91ad8,0x75e80000)
 PSPermGen       total 16384K, used 3982K [0x6f5c0000, 0x705c0000, 0x735c0000)
  object space 16384K, 24% used [0x6f5c0000,0x6f9a3ad8,0x705c0000)
}
Event: 56.057 GC heap before
{Heap before GC invocations=9 (full 0):
 PSYoungGen      total 135680K, used 135678K [0x9e040000, 0xa80c0000, 0xb35c0000)
  eden space 120064K, 100% used [0x9e040000,0xa5580000,0xa5580000)
  from space 15616K, 99% used [0xa6900000,0xa783fbd0,0xa7840000)
  to   space 19968K, 0% used [0xa5580000,0xa5580000,0xa6900000)
 ParOldGen       total 41728K, used 23366K [0x735c0000, 0x75e80000, 0x9e040000)
  object space 41728K, 55% used [0x735c0000,0x74c91ad8,0x75e80000)
 PSPermGen       total 16384K, used 4024K [0x6f5c0000, 0x705c0000, 0x735c0000)
  object space 16384K, 24% used [0x6f5c0000,0x6f9ae390,0x705c0000)

