# JRE version: Java(TM) SE Runtime Environment (7.0_79-b15) (build 1.7.0_79-b15)
# Java VM: Java HotSpot(TM) Server VM (24.79-b02 mixed mode linux-x86 )
Heap
 PSYoungGen      total 34304K, used 2550K [0x9dfc0000, 0xa03c0000, 0xb3540000)
  eden space 31744K, 0% used [0x9dfc0000,0x9dfc0000,0x9fec0000)
  from space 2560K, 99% used [0x9fec0000,0xa013da10,0xa0140000)
  to   space 2560K, 0% used [0xa0140000,0xa0140000,0xa03c0000)
 ParOldGen       total 41728K, used 12141K [0x73540000, 0x75e00000, 0x9dfc0000)
  object space 41728K, 29% used [0x73540000,0x7411b7c0,0x75e00000)
 PSPermGen       total 16384K, used 3932K [0x6f540000, 0x70540000, 0x73540000)
  object space 16384K, 24% used [0x6f540000,0x6f9170c8,0x70540000)
GC Heap History (9 events):
Event: 47.255 GC heap before
{Heap before GC invocations=1 (full 0):
 PSYoungGen      total 18432K, used 15872K [0x9dfc0000, 0x9f440000, 0xb3540000)
  eden space 15872K, 100% used [0x9dfc0000,0x9ef40000,0x9ef40000)
  from space 2560K, 0% used [0x9f1c0000,0x9f1c0000,0x9f440000)
  to   space 2560K, 0% used [0x9ef40000,0x9ef40000,0x9f1c0000)
 ParOldGen       total 41728K, used 0K [0x73540000, 0x75e00000, 0x9dfc0000)
  object space 41728K, 0% used [0x73540000,0x73540000,0x75e00000)
 PSPermGen       total 16384K, used 3670K [0x6f540000, 0x70540000, 0x73540000)
  object space 16384K, 22% used [0x6f540000,0x6f8d5a80,0x70540000)
Event: 47.276 GC heap after
Heap after GC invocations=1 (full 0):
 PSYoungGen      total 18432K, used 2546K [0x9dfc0000, 0x9f440000, 0xb3540000)
  eden space 15872K, 0% used [0x9dfc0000,0x9dfc0000,0x9ef40000)
  from space 2560K, 99% used [0x9ef40000,0x9f1bc830,0x9f1c0000)
  to   space 2560K, 0% used [0x9f1c0000,0x9f1c0000,0x9f440000)
 ParOldGen       total 41728K, used 448K [0x73540000, 0x75e00000, 0x9dfc0000)
  object space 41728K, 1% used [0x73540000,0x735b0280,0x75e00000)
 PSPermGen       total 16384K, used 3670K [0x6f540000, 0x70540000, 0x73540000)
  object space 16384K, 22% used [0x6f540000,0x6f8d5a80,0x70540000)
}
Event: 49.465 GC heap before
{Heap before GC invocations=2 (full 0):
 PSYoungGen      total 18432K, used 18418K [0x9dfc0000, 0x9f440000, 0xb3540000)
  eden space 15872K, 100% used [0x9dfc0000,0x9ef40000,0x9ef40000)
  from space 2560K, 99% used [0x9ef40000,0x9f1bc830,0x9f1c0000)
  to   space 2560K, 0% used [0x9f1c0000,0x9f1c0000,0x9f440000)
 ParOldGen       total 41728K, used 448K [0x73540000, 0x75e00000, 0x9dfc0000)
  object space 41728K, 1% used [0x73540000,0x735b0280,0x75e00000)
 PSPermGen       total 16384K, used 3813K [0x6f540000, 0x70540000, 0x73540000)
  object space 16384K, 23% used [0x6f540000,0x6f8f9518,0x70540000)
Event: 49.508 GC heap after
Heap after GC invocations=2 (full 0):
 PSYoungGen      total 18432K, used 2550K [0x9dfc0000, 0x9f440000, 0xb3540000)
  eden space 15872K, 0% used [0x9dfc0000,0x9dfc0000,0x9ef40000)
  from space 2560K, 99% used [0x9f1c0000,0x9f43d920,0x9f440000)
  to   space 2560K, 0% used [0x9ef40000,0x9ef40000,0x9f1c0000)
 ParOldGen       total 41728K, used 1896K [0x73540000, 0x75e00000, 0x9dfc0000)
  object space 41728K, 4% used [0x73540000,0x7371a190,0x75e00000)
 PSPermGen       total 16384K, used 3813K [0x6f540000, 0x70540000, 0x73540000)
  object space 16384K, 23% used [0x6f540000,0x6f8f9518,0x70540000)
}
Event: 50.867 GC heap before
{Heap before GC invocations=3 (full 0):
 PSYoungGen      total 18432K, used 18422K [0x9dfc0000, 0x9f440000, 0xb3540000)
  eden space 15872K, 100% used [0x9dfc0000,0x9ef40000,0x9ef40000)
  from space 2560K, 99% used [0x9f1c0000,0x9f43d920,0x9f440000)
  to   space 2560K, 0% used [0x9ef40000,0x9ef40000,0x9f1c0000)
 ParOldGen       total 41728K, used 1896K [0x73540000, 0x75e00000, 0x9dfc0000)
  object space 41728K, 4% used [0x73540000,0x7371a190,0x75e00000)
 PSPermGen       total 16384K, used 3882K [0x6f540000, 0x70540000, 0x73540000)
  object space 16384K, 23% used [0x6f540000,0x6f90ab18,0x70540000)
Event: 50.912 GC heap after
Heap after GC invocations=3 (full 0):
 PSYoungGen      total 18432K, used 2547K [0x9dfc0000, 0xa03c0000, 0xb3540000)
  eden space 15872K, 0% used [0x9dfc0000,0x9dfc0000,0x9ef40000)
  from space 2560K, 99% used [0x9ef40000,0x9f1bce80,0x9f1c0000)
  to   space 2560K, 0% used [0xa0140000,0xa0140000,0xa03c0000)
 ParOldGen       total 41728K, used 4298K [0x73540000, 0x75e00000, 0x9dfc0000)
  object space 41728K, 10% used [0x73540000,0x73972ab0,0x75e00000)
 PSPermGen       total 16384K, used 3882K [0x6f540000, 0x70540000, 0x73540000)
  object space 16384K, 23% used [0x6f540000,0x6f90ab18,0x70540000)
}
Event: 52.424 GC heap before
{Heap before GC invocations=4 (full 0):
 PSYoungGen      total 18432K, used 18419K [0x9dfc0000, 0xa03c0000, 0xb3540000)
  eden space 15872K, 100% used [0x9dfc0000,0x9ef40000,0x9ef40000)
  from space 2560K, 99% used [0x9ef40000,0x9f1bce80,0x9f1c0000)
  to   space 2560K, 0% used [0xa0140000,0xa0140000,0xa03c0000)
 ParOldGen       total 41728K, used 4298K [0x73540000, 0x75e00000, 0x9dfc0000)
  object space 41728K, 10% used [0x73540000,0x73972ab0,0x75e00000)
 PSPermGen       total 16384K, used 3903K [0x6f540000, 0x70540000, 0x73540000)
  object space 16384K, 23% used [0x6f540000,0x6f90ff00,0x70540000)
Event: 52.474 GC heap after
Heap after GC invocations=4 (full 0):
 PSYoungGen      total 34304K, used 2547K [0x9dfc0000, 0xa03c0000, 0xb3540000)
  eden space 31744K, 0% used [0x9dfc0000,0x9dfc0000,0x9fec0000)
  from space 2560K, 99% used [0xa0140000,0xa03bce80,0xa03c0000)
  to   space 2560K, 0% used [0x9fec0000,0x9fec0000,0xa0140000)
 ParOldGen       total 41728K, used 7045K [0x73540000, 0x75e00000, 0x9dfc0000)
  object space 41728K, 16% used [0x73540000,0x73c215a8,0x75e00000)
 PSPermGen       total 16384K, used 3903K [0x6f540000, 0x70540000, 0x73540000)
  object space 16384K, 23% used [0x6f540000,0x6f90ff00,0x70540000)
}
Event: 56.331 GC heap before
{Heap before GC invocations=5 (full 0):
 PSYoungGen      total 34304K, used 34291K [0x9dfc0000, 0xa03c0000, 0xb3540000)
  eden space 31744K, 100% used [0x9dfc0000,0x9fec0000,0x9fec0000)
  from space 2560K, 99% used [0xa0140000,0xa03bce80,0xa03c0000)
  to   space 2560K, 0% used [0x9fec0000,0x9fec0000,0xa0140000)
 ParOldGen       total 41728K, used 7045K [0x73540000, 0x75e00000, 0x9dfc0000)
  object space 41728K, 16% used [0x73540000,0x73c215a8,0x75e00000)
 PSPermGen       total 16384K, used 3932K [0x6f540000, 0x70540000, 0x73540000)
  object space 16384K, 24% used [0x6f540000,0x6f9170c8,0x70540000)

