# JRE version: Java(TM) SE Runtime Environment (7.0_79-b15) (build 1.7.0_79-b15)
# Java VM: Java HotSpot(TM) Server VM (24.79-b02 mixed mode linux-x86 )
Heap
 PSYoungGen      total 265216K, used 22380K [0x9e040000, 0xb35c0000, 0xb35c0000)
  eden space 226048K, 0% used [0x9e040000,0x9e040000,0xabd00000)
  from space 39168K, 57% used [0xabd00000,0xad2db370,0xae340000)
  to   space 53248K, 0% used [0xb01c0000,0xb01c0000,0xb35c0000)
 ParOldGen       total 127744K, used 127738K [0x735c0000, 0x7b280000, 0x9e040000)
  object space 127744K, 99% used [0x735c0000,0x7b27e958,0x7b280000)
 PSPermGen       total 16384K, used 4055K [0x6f5c0000, 0x705c0000, 0x735c0000)
  object space 16384K, 24% used [0x6f5c0000,0x6f9b5c98,0x705c0000)
GC Heap History (10 events):
Event: 29.616 GC heap after
Heap after GC invocations=11 (full 1):
 PSYoungGen      total 188928K, used 23575K [0x9e040000, 0xad0c0000, 0xb35c0000)
  eden space 165120K, 0% used [0x9e040000,0x9e040000,0xa8180000)
  from space 23808K, 99% used [0xab980000,0xad085fd8,0xad0c0000)
  to   space 33536K, 0% used [0xa8f40000,0xa8f40000,0xab000000)
 ParOldGen       total 75264K, used 47590K [0x735c0000, 0x77f40000, 0x9e040000)
  object space 75264K, 63% used [0x735c0000,0x76439a18,0x77f40000)
 PSPermGen       total 16384K, used 4032K [0x6f5c0000, 0x705c0000, 0x735c0000)
  object space 16384K, 24% used [0x6f5c0000,0x6f9b0190,0x705c0000)
}
Event: 32.388 GC heap before
{Heap before GC invocations=12 (full 1):
 PSYoungGen      total 188928K, used 188695K [0x9e040000, 0xad0c0000, 0xb35c0000)
  eden space 165120K, 100% used [0x9e040000,0xa8180000,0xa8180000)
  from space 23808K, 99% used [0xab980000,0xad085fd8,0xad0c0000)
  to   space 33536K, 0% used [0xa8f40000,0xa8f40000,0xab000000)
 ParOldGen       total 75264K, used 47590K [0x735c0000, 0x77f40000, 0x9e040000)
  object space 75264K, 63% used [0x735c0000,0x76439a18,0x77f40000)
 PSPermGen       total 16384K, used 4039K [0x6f5c0000, 0x705c0000, 0x735c0000)
  object space 16384K, 24% used [0x6f5c0000,0x6f9b1f58,0x705c0000)
Event: 32.600 GC heap after
Heap after GC invocations=12 (full 1):
 PSYoungGen      total 212736K, used 24571K [0x9e040000, 0xb0900000, 0xb35c0000)
  eden space 179200K, 0% used [0x9e040000,0x9e040000,0xa8f40000)
  from space 33536K, 73% used [0xa8f40000,0xaa73eec8,0xab000000)
  to   space 35840K, 0% used [0xae600000,0xae600000,0xb0900000)
 ParOldGen       total 75264K, used 69869K [0x735c0000, 0x77f40000, 0x9e040000)
  object space 75264K, 92% used [0x735c0000,0x779fb620,0x77f40000)
 PSPermGen       total 16384K, used 4039K [0x6f5c0000, 0x705c0000, 0x735c0000)
  object space 16384K, 24% used [0x6f5c0000,0x6f9b1f58,0x705c0000)
}
Event: 32.601 GC heap before
{Heap before GC invocations=13 (full 2):
 PSYoungGen      total 212736K, used 24571K [0x9e040000, 0xb0900000, 0xb35c0000)
  eden space 179200K, 0% used [0x9e040000,0x9e040000,0xa8f40000)
  from space 33536K, 73% used [0xa8f40000,0xaa73eec8,0xab000000)
  to   space 35840K, 0% used [0xae600000,0xae600000,0xb0900000)
 ParOldGen       total 75264K, used 69869K [0x735c0000, 0x77f40000, 0x9e040000)
  object space 75264K, 92% used [0x735c0000,0x779fb620,0x77f40000)
 PSPermGen       total 16384K, used 4039K [0x6f5c0000, 0x705c0000, 0x735c0000)
  object space 16384K, 24% used [0x6f5c0000,0x6f9b1f58,0x705c0000)
Event: 33.227 GC heap after
Heap after GC invocations=13 (full 2):
 PSYoungGen      total 212736K, used 17443K [0x9e040000, 0xb0900000, 0xb35c0000)
  eden space 179200K, 0% used [0x9e040000,0x9e040000,0xa8f40000)
  from space 33536K, 52% used [0xa8f40000,0xaa048c28,0xab000000)
  to   space 35840K, 0% used [0xae600000,0xae600000,0xb0900000)
 ParOldGen       total 127744K, used 75058K [0x735c0000, 0x7b280000, 0x9e040000)
  object space 127744K, 58% used [0x735c0000,0x77f0cae0,0x7b280000)
 PSPermGen       total 16384K, used 4039K [0x6f5c0000, 0x705c0000, 0x735c0000)
  object space 16384K, 24% used [0x6f5c0000,0x6f9b1dd8,0x705c0000)
}
Event: 35.491 GC heap before
{Heap before GC invocations=14 (full 2):
 PSYoungGen      total 212736K, used 196643K [0x9e040000, 0xb0900000, 0xb35c0000)
  eden space 179200K, 100% used [0x9e040000,0xa8f40000,0xa8f40000)
  from space 33536K, 52% used [0xa8f40000,0xaa048c28,0xab000000)
  to   space 35840K, 0% used [0xae600000,0xae600000,0xb0900000)
 ParOldGen       total 127744K, used 75058K [0x735c0000, 0x7b280000, 0x9e040000)
  object space 127744K, 58% used [0x735c0000,0x77f0cae0,0x7b280000)
 PSPermGen       total 16384K, used 4046K [0x6f5c0000, 0x705c0000, 0x735c0000)
  object space 16384K, 24% used [0x6f5c0000,0x6f9b3b90,0x705c0000)
Event: 35.658 GC heap after
Heap after GC invocations=14 (full 2):
 PSYoungGen      total 261888K, used 28000K [0x9e040000, 0xb0980000, 0xb35c0000)
  eden space 226048K, 0% used [0x9e040000,0x9e040000,0xabd00000)
  from space 35840K, 78% used [0xae600000,0xb0158228,0xb0900000)
  to   space 39168K, 0% used [0xabd00000,0xabd00000,0xae340000)
 ParOldGen       total 127744K, used 91760K [0x735c0000, 0x7b280000, 0x9e040000)
  object space 127744K, 71% used [0x735c0000,0x78f5c110,0x7b280000)
 PSPermGen       total 16384K, used 4046K [0x6f5c0000, 0x705c0000, 0x735c0000)
  object space 16384K, 24% used [0x6f5c0000,0x6f9b3b90,0x705c0000)
}
Event: 38.099 GC heap before
{Heap before GC invocations=15 (full 2):
 PSYoungGen      total 261888K, used 254048K [0x9e040000, 0xb0980000, 0xb35c0000)
  eden space 226048K, 100% used [0x9e040000,0xabd00000,0xabd00000)
  from space 35840K, 78% used [0xae600000,0xb0158228,0xb0900000)
  to   space 39168K, 0% used [0xabd00000,0xabd00000,0xae340000)
 ParOldGen       total 127744K, used 91760K [0x735c0000, 0x7b280000, 0x9e040000)
  object space 127744K, 71% used [0x735c0000,0x78f5c110,0x7b280000)
 PSPermGen       total 16384K, used 4055K [0x6f5c0000, 0x705c0000, 0x735c0000)
  object space 16384K, 24% used [0x6f5c0000,0x6f9b5d98,0x705c0000)
Event: 38.286 GC heap after
Heap after GC invocations=15 (full 2):
 PSYoungGen      total 265216K, used 39161K [0x9e040000, 0xb35c0000, 0xb35c0000)
  eden space 226048K, 0% used [0x9e040000,0x9e040000,0xabd00000)
  from space 39168K, 99% used [0xabd00000,0xae33e540,0xae340000)
  to   space 53248K, 0% used [0xb01c0000,0xb01c0000,0xb35c0000)
 ParOldGen       total 127744K, used 112523K [0x735c0000, 0x7b280000, 0x9e040000)
  object space 127744K, 88% used [0x735c0000,0x7a3a2fb0,0x7b280000)
 PSPermGen       total 16384K, used 4055K [0x6f5c0000, 0x705c0000, 0x735c0000)
  object space 16384K, 24% used [0x6f5c0000,0x6f9b5d98,0x705c0000)
}
Event: 38.286 GC heap before
{Heap before GC invocations=16 (full 3):
 PSYoungGen      total 265216K, used 39161K [0x9e040000, 0xb35c0000, 0xb35c0000)
  eden space 226048K, 0% used [0x9e040000,0x9e040000,0xabd00000)
  from space 39168K, 99% used [0xabd00000,0xae33e540,0xae340000)
  to   space 53248K, 0% used [0xb01c0000,0xb01c0000,0xb35c0000)
 ParOldGen       total 127744K, used 112523K [0x735c0000, 0x7b280000, 0x9e040000)
  object space 127744K, 88% used [0x735c0000,0x7a3a2fb0,0x7b280000)
 PSPermGen       total 16384K, used 4055K [0x6f5c0000, 0x705c0000, 0x735c0000)
  object space 16384K, 24% used [0x6f5c0000,0x6f9b5d98,0x705c0000)

