# JRE version: Java(TM) SE Runtime Environment (7.0_79-b15) (build 1.7.0_79-b15)
# Java VM: Java HotSpot(TM) Server VM (24.79-b02 mixed mode linux-x86 )
Heap
 PSYoungGen      total 72704K, used 10495K [0x9e000000, 0xa3280000, 0xb3580000)
  eden space 62208K, 0% used [0x9e000000,0x9e000000,0xa1cc0000)
  from space 10496K, 99% used [0xa1cc0000,0xa26fffc0,0xa2700000)
  to   space 9216K, 0% used [0xa2700000,0xa2700000,0xa3000000)
 ParOldGen       total 41728K, used 16940K [0x73580000, 0x75e40000, 0x9e000000)
  object space 41728K, 40% used [0x73580000,0x7460b248,0x75e40000)
 PSPermGen       total 16384K, used 3960K [0x6f580000, 0x70580000, 0x73580000)
  object space 16384K, 24% used [0x6f580000,0x6f95e178,0x70580000)
GC Heap History (10 events):
Event: 9.269 GC heap after
Heap after GC invocations=2 (full 0):
 PSYoungGen      total 18432K, used 720K [0x9e000000, 0xa0400000, 0xb3580000)
  eden space 15872K, 0% used [0x9e000000,0x9e000000,0x9ef80000)
  from space 2560K, 28% used [0x9f200000,0x9f2b4050,0x9f480000)
  to   space 2560K, 0% used [0x9ef80000,0x9ef80000,0x9f200000)
 ParOldGen       total 41728K, used 0K [0x73580000, 0x75e40000, 0x9e000000)
  object space 41728K, 0% used [0x73580000,0x73580000,0x75e40000)
 PSPermGen       total 16384K, used 2180K [0x6f580000, 0x70580000, 0x73580000)
  object space 16384K, 13% used [0x6f580000,0x6f7a1188,0x70580000)
}
Event: 11.291 GC heap before
{Heap before GC invocations=3 (full 0):
 PSYoungGen      total 18432K, used 16592K [0x9e000000, 0xa0400000, 0xb3580000)
  eden space 15872K, 100% used [0x9e000000,0x9ef80000,0x9ef80000)
  from space 2560K, 28% used [0x9f200000,0x9f2b4050,0x9f480000)
  to   space 2560K, 0% used [0x9ef80000,0x9ef80000,0x9f200000)
 ParOldGen       total 41728K, used 0K [0x73580000, 0x75e40000, 0x9e000000)
  object space 41728K, 0% used [0x73580000,0x73580000,0x75e40000)
 PSPermGen       total 16384K, used 3776K [0x6f580000, 0x70580000, 0x73580000)
  object space 16384K, 23% used [0x6f580000,0x6f930000,0x70580000)
Event: 11.305 GC heap after
Heap after GC invocations=3 (full 0):
 PSYoungGen      total 18432K, used 2554K [0x9e000000, 0xa0400000, 0xb3580000)
  eden space 15872K, 0% used [0x9e000000,0x9e000000,0x9ef80000)
  from space 2560K, 99% used [0x9ef80000,0x9f1fe840,0x9f200000)
  to   space 2560K, 0% used [0xa0180000,0xa0180000,0xa0400000)
 ParOldGen       total 41728K, used 1648K [0x73580000, 0x75e40000, 0x9e000000)
  object space 41728K, 3% used [0x73580000,0x7371c1a0,0x75e40000)
 PSPermGen       total 16384K, used 3776K [0x6f580000, 0x70580000, 0x73580000)
  object space 16384K, 23% used [0x6f580000,0x6f930000,0x70580000)
}
Event: 11.846 GC heap before
{Heap before GC invocations=4 (full 0):
 PSYoungGen      total 18432K, used 18426K [0x9e000000, 0xa0400000, 0xb3580000)
  eden space 15872K, 100% used [0x9e000000,0x9ef80000,0x9ef80000)
  from space 2560K, 99% used [0x9ef80000,0x9f1fe840,0x9f200000)
  to   space 2560K, 0% used [0xa0180000,0xa0180000,0xa0400000)
 ParOldGen       total 41728K, used 1648K [0x73580000, 0x75e40000, 0x9e000000)
  object space 41728K, 3% used [0x73580000,0x7371c1a0,0x75e40000)
 PSPermGen       total 16384K, used 3871K [0x6f580000, 0x70580000, 0x73580000)
  object space 16384K, 23% used [0x6f580000,0x6f947ef8,0x70580000)
Event: 11.885 GC heap after
Heap after GC invocations=4 (full 0):
 PSYoungGen      total 34304K, used 2548K [0x9e000000, 0xa0400000, 0xb3580000)
  eden space 31744K, 0% used [0x9e000000,0x9e000000,0x9ff00000)
  from space 2560K, 99% used [0xa0180000,0xa03fd338,0xa0400000)
  to   space 2560K, 0% used [0x9ff00000,0x9ff00000,0xa0180000)
 ParOldGen       total 41728K, used 4531K [0x73580000, 0x75e40000, 0x9e000000)
  object space 41728K, 10% used [0x73580000,0x739ecd00,0x75e40000)
 PSPermGen       total 16384K, used 3871K [0x6f580000, 0x70580000, 0x73580000)
  object space 16384K, 23% used [0x6f580000,0x6f947ef8,0x70580000)
}
Event: 12.933 GC heap before
{Heap before GC invocations=5 (full 0):
 PSYoungGen      total 34304K, used 34292K [0x9e000000, 0xa0400000, 0xb3580000)
  eden space 31744K, 100% used [0x9e000000,0x9ff00000,0x9ff00000)
  from space 2560K, 99% used [0xa0180000,0xa03fd338,0xa0400000)
  to   space 2560K, 0% used [0x9ff00000,0x9ff00000,0xa0180000)
 ParOldGen       total 41728K, used 4531K [0x73580000, 0x75e40000, 0x9e000000)
  object space 41728K, 10% used [0x73580000,0x739ecd00,0x75e40000)
 PSPermGen       total 16384K, used 3917K [0x6f580000, 0x70580000, 0x73580000)
  object space 16384K, 23% used [0x6f580000,0x6f9535a8,0x70580000)
Event: 12.981 GC heap after
Heap after GC invocations=5 (full 0):
 PSYoungGen      total 34304K, used 2557K [0x9e000000, 0xa3000000, 0xb3580000)
  eden space 31744K, 0% used [0x9e000000,0x9e000000,0x9ff00000)
  from space 2560K, 99% used [0x9ff00000,0xa017f510,0xa0180000)
  to   space 9216K, 0% used [0xa2700000,0xa2700000,0xa3000000)
 ParOldGen       total 41728K, used 9576K [0x73580000, 0x75e40000, 0x9e000000)
  object space 41728K, 22% used [0x73580000,0x73eda070,0x75e40000)
 PSPermGen       total 16384K, used 3917K [0x6f580000, 0x70580000, 0x73580000)
  object space 16384K, 23% used [0x6f580000,0x6f9535a8,0x70580000)
}
Event: 13.983 GC heap before
{Heap before GC invocations=6 (full 0):
 PSYoungGen      total 34304K, used 34301K [0x9e000000, 0xa3000000, 0xb3580000)
  eden space 31744K, 100% used [0x9e000000,0x9ff00000,0x9ff00000)
  from space 2560K, 99% used [0x9ff00000,0xa017f510,0xa0180000)
  to   space 9216K, 0% used [0xa2700000,0xa2700000,0xa3000000)
 ParOldGen       total 41728K, used 9576K [0x73580000, 0x75e40000, 0x9e000000)
  object space 41728K, 22% used [0x73580000,0x73eda070,0x75e40000)
 PSPermGen       total 16384K, used 3933K [0x6f580000, 0x70580000, 0x73580000)
  object space 16384K, 24% used [0x6f580000,0x6f9577a8,0x70580000)
Event: 14.003 GC heap after
Heap after GC invocations=6 (full 0):
 PSYoungGen      total 71424K, used 7694K [0x9e000000, 0xa3280000, 0xb3580000)
  eden space 62208K, 0% used [0x9e000000,0x9e000000,0xa1cc0000)
  from space 9216K, 83% used [0xa2700000,0xa2e83a28,0xa3000000)
  to   space 10496K, 0% used [0xa1cc0000,0xa1cc0000,0xa2700000)
 ParOldGen       total 41728K, used 9576K [0x73580000, 0x75e40000, 0x9e000000)
  object space 41728K, 22% used [0x73580000,0x73eda070,0x75e40000)
 PSPermGen       total 16384K, used 3933K [0x6f580000, 0x70580000, 0x73580000)
  object space 16384K, 24% used [0x6f580000,0x6f9577a8,0x70580000)
}
Event: 15.794 GC heap before
{Heap before GC invocations=7 (full 0):
 PSYoungGen      total 71424K, used 69902K [0x9e000000, 0xa3280000, 0xb3580000)
  eden space 62208K, 100% used [0x9e000000,0xa1cc0000,0xa1cc0000)
  from space 9216K, 83% used [0xa2700000,0xa2e83a28,0xa3000000)
  to   space 10496K, 0% used [0xa1cc0000,0xa1cc0000,0xa2700000)
 ParOldGen       total 41728K, used 9576K [0x73580000, 0x75e40000, 0x9e000000)
  object space 41728K, 22% used [0x73580000,0x73eda070,0x75e40000)
 PSPermGen       total 16384K, used 3960K [0x6f580000, 0x70580000, 0x73580000)
  object space 16384K, 24% used [0x6f580000,0x6f95e178,0x70580000)

