# JRE version: Java(TM) SE Runtime Environment (7.0_79-b15) (build 1.7.0_79-b15)
# Java VM: Java HotSpot(TM) Server VM (24.79-b02 mixed mode linux-x86 )
Heap
 PSYoungGen      total 224256K, used 27726K [0x9dfc0000, 0xb04c0000, 0xb3540000)
  eden space 179456K, 0% used [0x9dfc0000,0x9dfc0000,0xa8f00000)
  from space 44800K, 61% used [0xad900000,0xaf413998,0xb04c0000)
  to   space 34048K, 0% used [0xa8f00000,0xa8f00000,0xab040000)
 ParOldGen       total 92928K, used 92783K [0x73540000, 0x79000000, 0x9dfc0000)
  object space 92928K, 99% used [0x73540000,0x78fdbfd0,0x79000000)
 PSPermGen       total 16384K, used 4045K [0x6f540000, 0x70540000, 0x73540000)
  object space 16384K, 24% used [0x6f540000,0x6f933410,0x70540000)
GC Heap History (10 events):
Event: 17.101 GC heap after
Heap after GC invocations=8 (full 0):
 PSYoungGen      total 136192K, used 16379K [0x9dfc0000, 0xa8240000, 0xb3540000)
  eden space 119808K, 0% used [0x9dfc0000,0x9dfc0000,0xa54c0000)
  from space 16384K, 99% used [0xa6940000,0xa793ed28,0xa7940000)
  to   space 20992K, 0% used [0xa54c0000,0xa54c0000,0xa6940000)
 ParOldGen       total 41728K, used 20289K [0x73540000, 0x75e00000, 0x9dfc0000)
  object space 41728K, 48% used [0x73540000,0x74910630,0x75e00000)
 PSPermGen       total 16384K, used 3973K [0x6f540000, 0x70540000, 0x73540000)
  object space 16384K, 24% used [0x6f540000,0x6f921428,0x70540000)
}
Event: 19.017 GC heap before
{Heap before GC invocations=9 (full 0):
 PSYoungGen      total 136192K, used 136187K [0x9dfc0000, 0xa8240000, 0xb3540000)
  eden space 119808K, 100% used [0x9dfc0000,0xa54c0000,0xa54c0000)
  from space 16384K, 99% used [0xa6940000,0xa793ed28,0xa7940000)
  to   space 20992K, 0% used [0xa54c0000,0xa54c0000,0xa6940000)
 ParOldGen       total 41728K, used 20289K [0x73540000, 0x75e00000, 0x9dfc0000)
  object space 41728K, 48% used [0x73540000,0x74910630,0x75e00000)
 PSPermGen       total 16384K, used 4018K [0x6f540000, 0x70540000, 0x73540000)
  object space 16384K, 24% used [0x6f540000,0x6f92ca18,0x70540000)
Event: 19.084 GC heap after
Heap after GC invocations=9 (full 0):
 PSYoungGen      total 140800K, used 20988K [0x9dfc0000, 0xad700000, 0xb3540000)
  eden space 119808K, 0% used [0x9dfc0000,0x9dfc0000,0xa54c0000)
  from space 20992K, 99% used [0xa54c0000,0xa693f3f8,0xa6940000)
  to   space 30720K, 0% used [0xab900000,0xab900000,0xad700000)
 ParOldGen       total 41728K, used 34854K [0x73540000, 0x75e00000, 0x9dfc0000)
  object space 41728K, 83% used [0x73540000,0x75749978,0x75e00000)
 PSPermGen       total 16384K, used 4018K [0x6f540000, 0x70540000, 0x73540000)
  object space 16384K, 24% used [0x6f540000,0x6f92ca18,0x70540000)
}
Event: 19.084 GC heap before
{Heap before GC invocations=10 (full 1):
 PSYoungGen      total 140800K, used 20988K [0x9dfc0000, 0xad700000, 0xb3540000)
  eden space 119808K, 0% used [0x9dfc0000,0x9dfc0000,0xa54c0000)
  from space 20992K, 99% used [0xa54c0000,0xa693f3f8,0xa6940000)
  to   space 30720K, 0% used [0xab900000,0xab900000,0xad700000)
 ParOldGen       total 41728K, used 34854K [0x73540000, 0x75e00000, 0x9dfc0000)
  object space 41728K, 83% used [0x73540000,0x75749978,0x75e00000)
 PSPermGen       total 16384K, used 4018K [0x6f540000, 0x70540000, 0x73540000)
  object space 16384K, 24% used [0x6f540000,0x6f92ca18,0x70540000)
Event: 19.622 GC heap after
Heap after GC invocations=10 (full 1):
 PSYoungGen      total 140800K, used 10119K [0x9dfc0000, 0xad700000, 0xb3540000)
  eden space 119808K, 0% used [0x9dfc0000,0x9dfc0000,0xa54c0000)
  from space 20992K, 48% used [0xa54c0000,0xa5ea1c68,0xa6940000)
  to   space 30720K, 0% used [0xab900000,0xab900000,0xad700000)
 ParOldGen       total 77056K, used 41503K [0x73540000, 0x78080000, 0x9dfc0000)
  object space 77056K, 53% used [0x73540000,0x75dc7f70,0x78080000)
 PSPermGen       total 16384K, used 4015K [0x6f540000, 0x70540000, 0x73540000)
  object space 16384K, 24% used [0x6f540000,0x6f92bf78,0x70540000)
}
Event: 21.450 GC heap before
{Heap before GC invocations=11 (full 1):
 PSYoungGen      total 140800K, used 129927K [0x9dfc0000, 0xad700000, 0xb3540000)
  eden space 119808K, 100% used [0x9dfc0000,0xa54c0000,0xa54c0000)
  from space 20992K, 48% used [0xa54c0000,0xa5ea1c68,0xa6940000)
  to   space 30720K, 0% used [0xab900000,0xab900000,0xad700000)
 ParOldGen       total 77056K, used 41503K [0x73540000, 0x78080000, 0x9dfc0000)
  object space 77056K, 53% used [0x73540000,0x75dc7f70,0x78080000)
 PSPermGen       total 16384K, used 4029K [0x6f540000, 0x70540000, 0x73540000)
  object space 16384K, 24% used [0x6f540000,0x6f92f590,0x70540000)
Event: 21.540 GC heap after
Heap after GC invocations=11 (full 1):
 PSYoungGen      total 182528K, used 25027K [0x9dfc0000, 0xad180000, 0xb3540000)
  eden space 157440K, 0% used [0x9dfc0000,0x9dfc0000,0xa7980000)
  from space 25088K, 99% used [0xab900000,0xad170f98,0xad180000)
  to   space 34048K, 0% used [0xa8f00000,0xa8f00000,0xab040000)
 ParOldGen       total 77056K, used 45847K [0x73540000, 0x78080000, 0x9dfc0000)
  object space 77056K, 59% used [0x73540000,0x76205e88,0x78080000)
 PSPermGen       total 16384K, used 4029K [0x6f540000, 0x70540000, 0x73540000)
  object space 16384K, 24% used [0x6f540000,0x6f92f590,0x70540000)
}
Event: 23.458 GC heap before
{Heap before GC invocations=12 (full 1):
 PSYoungGen      total 182528K, used 182467K [0x9dfc0000, 0xad180000, 0xb3540000)
  eden space 157440K, 100% used [0x9dfc0000,0xa7980000,0xa7980000)
  from space 25088K, 99% used [0xab900000,0xad170f98,0xad180000)
  to   space 34048K, 0% used [0xa8f00000,0xa8f00000,0xab040000)
 ParOldGen       total 77056K, used 45847K [0x73540000, 0x78080000, 0x9dfc0000)
  object space 77056K, 59% used [0x73540000,0x76205e88,0x78080000)
 PSPermGen       total 16384K, used 4037K [0x6f540000, 0x70540000, 0x73540000)
  object space 16384K, 24% used [0x6f540000,0x6f9315f8,0x70540000)
Event: 23.560 GC heap after
Heap after GC invocations=12 (full 1):
 PSYoungGen      total 213504K, used 34043K [0x9dfc0000, 0xb04c0000, 0xb3540000)
  eden space 179456K, 0% used [0x9dfc0000,0x9dfc0000,0xa8f00000)
  from space 34048K, 99% used [0xa8f00000,0xab03ef08,0xab040000)
  to   space 44800K, 0% used [0xad900000,0xad900000,0xb04c0000)
 ParOldGen       total 77056K, used 59251K [0x73540000, 0x78080000, 0x9dfc0000)
  object space 77056K, 76% used [0x73540000,0x76f1ce50,0x78080000)
 PSPermGen       total 16384K, used 4037K [0x6f540000, 0x70540000, 0x73540000)
  object space 16384K, 24% used [0x6f540000,0x6f9315f8,0x70540000)
}
Event: 25.156 GC heap before
{Heap before GC invocations=13 (full 1):
 PSYoungGen      total 213504K, used 213499K [0x9dfc0000, 0xb04c0000, 0xb3540000)
  eden space 179456K, 100% used [0x9dfc0000,0xa8f00000,0xa8f00000)
  from space 34048K, 99% used [0xa8f00000,0xab03ef08,0xab040000)
  to   space 44800K, 0% used [0xad900000,0xad900000,0xb04c0000)
 ParOldGen       total 77056K, used 59251K [0x73540000, 0x78080000, 0x9dfc0000)
  object space 77056K, 76% used [0x73540000,0x76f1ce50,0x78080000)
 PSPermGen       total 16384K, used 4045K [0x6f540000, 0x70540000, 0x73540000)
  object space 16384K, 24% used [0x6f540000,0x6f933410,0x70540000)

