# JRE version: Java(TM) SE Runtime Environment (7.0_79-b15) (build 1.7.0_79-b15)
# Java VM: Java HotSpot(TM) Server VM (24.79-b02 mixed mode linux-x86 )
Heap
 PSYoungGen      total 247552K, used 39156K [0x9df80000, 0xafc40000, 0xb3500000)
  eden space 208384K, 0% used [0x9df80000,0x9df80000,0xaab00000)
  from space 39168K, 99% used [0xaafc0000,0xad5fd3f8,0xad600000)
  to   space 27648K, 0% used [0xae140000,0xae140000,0xafc40000)
 ParOldGen       total 129792K, used 110028K [0x73500000, 0x7b3c0000, 0x9df80000)
  object space 129792K, 84% used [0x73500000,0x7a0732b8,0x7b3c0000)
 PSPermGen       total 16384K, used 4055K [0x6f500000, 0x70500000, 0x73500000)
  object space 16384K, 24% used [0x6f500000,0x6f8f5c20,0x70500000)
GC Heap History (10 events):
Event: 26.191 GC heap after
Heap after GC invocations=10 (full 1):
 PSYoungGen      total 140288K, used 10168K [0x9df80000, 0xad600000, 0xb3500000)
  eden space 119040K, 0% used [0x9df80000,0x9df80000,0xa53c0000)
  from space 21248K, 47% used [0xa53c0000,0xa5dae120,0xa6880000)
  to   space 30976K, 0% used [0xab7c0000,0xab7c0000,0xad600000)
 ParOldGen       total 74752K, used 41521K [0x73500000, 0x77e00000, 0x9df80000)
  object space 74752K, 55% used [0x73500000,0x75d8c430,0x77e00000)
 PSPermGen       total 16384K, used 4015K [0x6f500000, 0x70500000, 0x73500000)
  object space 16384K, 24% used [0x6f500000,0x6f8ebde0,0x70500000)
}
Event: 29.053 GC heap before
{Heap before GC invocations=11 (full 1):
 PSYoungGen      total 140288K, used 129208K [0x9df80000, 0xad600000, 0xb3500000)
  eden space 119040K, 100% used [0x9df80000,0xa53c0000,0xa53c0000)
  from space 21248K, 47% used [0xa53c0000,0xa5dae120,0xa6880000)
  to   space 30976K, 0% used [0xab7c0000,0xab7c0000,0xad600000)
 ParOldGen       total 74752K, used 41521K [0x73500000, 0x77e00000, 0x9df80000)
  object space 74752K, 55% used [0x73500000,0x75d8c430,0x77e00000)
 PSPermGen       total 16384K, used 4031K [0x6f500000, 0x70500000, 0x73500000)
  object space 16384K, 24% used [0x6f500000,0x6f8eff70,0x70500000)
Event: 29.152 GC heap after
Heap after GC invocations=11 (full 1):
 PSYoungGen      total 189440K, used 24824K [0x9df80000, 0xad000000, 0xb3500000)
  eden space 164608K, 0% used [0x9df80000,0x9df80000,0xa8040000)
  from space 24832K, 99% used [0xab7c0000,0xacffe008,0xad000000)
  to   space 34048K, 0% used [0xa8d80000,0xa8d80000,0xaaec0000)
 ParOldGen       total 74752K, used 46129K [0x73500000, 0x77e00000, 0x9df80000)
  object space 74752K, 61% used [0x73500000,0x7620c790,0x77e00000)
 PSPermGen       total 16384K, used 4031K [0x6f500000, 0x70500000, 0x73500000)
  object space 16384K, 24% used [0x6f500000,0x6f8eff70,0x70500000)
}
Event: 32.334 GC heap before
{Heap before GC invocations=12 (full 1):
 PSYoungGen      total 189440K, used 189432K [0x9df80000, 0xad000000, 0xb3500000)
  eden space 164608K, 100% used [0x9df80000,0xa8040000,0xa8040000)
  from space 24832K, 99% used [0xab7c0000,0xacffe008,0xad000000)
  to   space 34048K, 0% used [0xa8d80000,0xa8d80000,0xaaec0000)
 ParOldGen       total 74752K, used 46129K [0x73500000, 0x77e00000, 0x9df80000)
  object space 74752K, 61% used [0x73500000,0x7620c790,0x77e00000)
 PSPermGen       total 16384K, used 4036K [0x6f500000, 0x70500000, 0x73500000)
  object space 16384K, 24% used [0x6f500000,0x6f8f12f8,0x70500000)
Event: 32.451 GC heap after
Heap after GC invocations=12 (full 1):
 PSYoungGen      total 212224K, used 24282K [0x9df80000, 0xb04c0000, 0xb3500000)
  eden space 178176K, 0% used [0x9df80000,0x9df80000,0xa8d80000)
  from space 34048K, 71% used [0xa8d80000,0xaa536b00,0xaaec0000)
  to   space 36352K, 0% used [0xae140000,0xae140000,0xb04c0000)
 ParOldGen       total 74752K, used 69885K [0x73500000, 0x77e00000, 0x9df80000)
  object space 74752K, 93% used [0x73500000,0x7793f5a0,0x77e00000)
 PSPermGen       total 16384K, used 4036K [0x6f500000, 0x70500000, 0x73500000)
  object space 16384K, 24% used [0x6f500000,0x6f8f12f8,0x70500000)
}
Event: 32.451 GC heap before
{Heap before GC invocations=13 (full 2):
 PSYoungGen      total 212224K, used 24282K [0x9df80000, 0xb04c0000, 0xb3500000)
  eden space 178176K, 0% used [0x9df80000,0x9df80000,0xa8d80000)
  from space 34048K, 71% used [0xa8d80000,0xaa536b00,0xaaec0000)
  to   space 36352K, 0% used [0xae140000,0xae140000,0xb04c0000)
 ParOldGen       total 74752K, used 69885K [0x73500000, 0x77e00000, 0x9df80000)
  object space 74752K, 93% used [0x73500000,0x7793f5a0,0x77e00000)
 PSPermGen       total 16384K, used 4036K [0x6f500000, 0x70500000, 0x73500000)
  object space 16384K, 24% used [0x6f500000,0x6f8f12f8,0x70500000)
Event: 33.769 GC heap after
Heap after GC invocations=13 (full 2):
 PSYoungGen      total 212224K, used 17441K [0x9df80000, 0xb04c0000, 0xb3500000)
  eden space 178176K, 0% used [0x9df80000,0x9df80000,0xa8d80000)
  from space 34048K, 51% used [0xa8d80000,0xa9e88618,0xaaec0000)
  to   space 36352K, 0% used [0xae140000,0xae140000,0xb04c0000)
 ParOldGen       total 129792K, used 74504K [0x73500000, 0x7b3c0000, 0x9df80000)
  object space 129792K, 57% used [0x73500000,0x77dc22d0,0x7b3c0000)
 PSPermGen       total 16384K, used 4036K [0x6f500000, 0x70500000, 0x73500000)
  object space 16384K, 24% used [0x6f500000,0x6f8f1188,0x70500000)
}
Event: 37.211 GC heap before
{Heap before GC invocations=14 (full 2):
 PSYoungGen      total 212224K, used 195617K [0x9df80000, 0xb04c0000, 0xb3500000)
  eden space 178176K, 100% used [0x9df80000,0xa8d80000,0xa8d80000)
  from space 34048K, 51% used [0xa8d80000,0xa9e88618,0xaaec0000)
  to   space 36352K, 0% used [0xae140000,0xae140000,0xb04c0000)
 ParOldGen       total 129792K, used 74504K [0x73500000, 0x7b3c0000, 0x9df80000)
  object space 129792K, 57% used [0x73500000,0x77dc22d0,0x7b3c0000)
 PSPermGen       total 16384K, used 4043K [0x6f500000, 0x70500000, 0x73500000)
  object space 16384K, 24% used [0x6f500000,0x6f8f2d60,0x70500000)
Event: 37.429 GC heap after
Heap after GC invocations=14 (full 2):
 PSYoungGen      total 236032K, used 27564K [0x9df80000, 0xafc40000, 0xb3500000)
  eden space 208384K, 0% used [0x9df80000,0x9df80000,0xaab00000)
  from space 27648K, 99% used [0xae140000,0xafc2b240,0xafc40000)
  to   space 39168K, 0% used [0xaafc0000,0xaafc0000,0xad600000)
 ParOldGen       total 129792K, used 91204K [0x73500000, 0x7b3c0000, 0x9df80000)
  object space 129792K, 70% used [0x73500000,0x78e11058,0x7b3c0000)
 PSPermGen       total 16384K, used 4043K [0x6f500000, 0x70500000, 0x73500000)
  object space 16384K, 24% used [0x6f500000,0x6f8f2d60,0x70500000)
}
Event: 39.602 GC heap before
{Heap before GC invocations=15 (full 2):
 PSYoungGen      total 236032K, used 235948K [0x9df80000, 0xafc40000, 0xb3500000)
  eden space 208384K, 100% used [0x9df80000,0xaab00000,0xaab00000)
  from space 27648K, 99% used [0xae140000,0xafc2b240,0xafc40000)
  to   space 39168K, 0% used [0xaafc0000,0xaafc0000,0xad600000)
 ParOldGen       total 129792K, used 91204K [0x73500000, 0x7b3c0000, 0x9df80000)
  object space 129792K, 70% used [0x73500000,0x78e11058,0x7b3c0000)
 PSPermGen       total 16384K, used 4055K [0x6f500000, 0x70500000, 0x73500000)
  object space 16384K, 24% used [0x6f500000,0x6f8f5c20,0x70500000)

