# JRE version: Java(TM) SE Runtime Environment (7.0_79-b15) (build 1.7.0_79-b15)
# Java VM: Java HotSpot(TM) Server VM (24.79-b02 mixed mode linux-x86 )
Heap
 PSYoungGen      total 190976K, used 23266K [0x9df80000, 0xace80000, 0xb3500000)
  eden space 157440K, 0% used [0x9df80000,0x9df80000,0xa7940000)
  from space 33536K, 69% used [0xa8d00000,0xaa3b8bb8,0xaadc0000)
  to   space 23552K, 0% used [0xab780000,0xab780000,0xace80000)
 ParOldGen       total 76288K, used 69602K [0x73500000, 0x77f80000, 0x9df80000)
  object space 76288K, 91% used [0x73500000,0x778f8a98,0x77f80000)
 PSPermGen       total 16384K, used 4034K [0x6f500000, 0x70500000, 0x73500000)
  object space 16384K, 24% used [0x6f500000,0x6f8f0bc0,0x70500000)
GC Heap History (10 events):
Event: 22.264 GC heap after
Heap after GC invocations=7 (full 0):
 PSYoungGen      total 72704K, used 10739K [0x9df80000, 0xa7880000, 0xb3500000)
  eden space 61952K, 0% used [0x9df80000,0x9df80000,0xa1c00000)
  from space 10752K, 99% used [0xa1c00000,0xa267cda8,0xa2680000)
  to   space 16384K, 0% used [0xa6880000,0xa6880000,0xa7880000)
 ParOldGen       total 41728K, used 16642K [0x73500000, 0x75dc0000, 0x9df80000)
  object space 41728K, 39% used [0x73500000,0x74540ab8,0x75dc0000)
 PSPermGen       total 16384K, used 3959K [0x6f500000, 0x70500000, 0x73500000)
  object space 16384K, 24% used [0x6f500000,0x6f8ddfd0,0x70500000)
}
Event: 24.058 GC heap before
{Heap before GC invocations=8 (full 0):
 PSYoungGen      total 72704K, used 72691K [0x9df80000, 0xa7880000, 0xb3500000)
  eden space 61952K, 100% used [0x9df80000,0xa1c00000,0xa1c00000)
  from space 10752K, 99% used [0xa1c00000,0xa267cda8,0xa2680000)
  to   space 16384K, 0% used [0xa6880000,0xa6880000,0xa7880000)
 ParOldGen       total 41728K, used 16642K [0x73500000, 0x75dc0000, 0x9df80000)
  object space 41728K, 39% used [0x73500000,0x74540ab8,0x75dc0000)
 PSPermGen       total 16384K, used 3972K [0x6f500000, 0x70500000, 0x73500000)
  object space 16384K, 24% used [0x6f500000,0x6f8e11b8,0x70500000)
Event: 24.114 GC heap after
Heap after GC invocations=8 (full 0):
 PSYoungGen      total 135168K, used 16371K [0x9df80000, 0xa8280000, 0xb3500000)
  eden space 118784K, 0% used [0x9df80000,0x9df80000,0xa5380000)
  from space 16384K, 99% used [0xa6880000,0xa787cfd8,0xa7880000)
  to   space 21504K, 0% used [0xa5380000,0xa5380000,0xa6880000)
 ParOldGen       total 41728K, used 20646K [0x73500000, 0x75dc0000, 0x9df80000)
  object space 41728K, 49% used [0x73500000,0x749299c8,0x75dc0000)
 PSPermGen       total 16384K, used 3972K [0x6f500000, 0x70500000, 0x73500000)
  object space 16384K, 24% used [0x6f500000,0x6f8e11b8,0x70500000)
}
Event: 26.726 GC heap before
{Heap before GC invocations=9 (full 0):
 PSYoungGen      total 135168K, used 135155K [0x9df80000, 0xa8280000, 0xb3500000)
  eden space 118784K, 100% used [0x9df80000,0xa5380000,0xa5380000)
  from space 16384K, 99% used [0xa6880000,0xa787cfd8,0xa7880000)
  to   space 21504K, 0% used [0xa5380000,0xa5380000,0xa6880000)
 ParOldGen       total 41728K, used 20646K [0x73500000, 0x75dc0000, 0x9df80000)
  object space 41728K, 49% used [0x73500000,0x749299c8,0x75dc0000)
 PSPermGen       total 16384K, used 4019K [0x6f500000, 0x70500000, 0x73500000)
  object space 16384K, 24% used [0x6f500000,0x6f8ecc18,0x70500000)
Event: 26.865 GC heap after
Heap after GC invocations=9 (full 0):
 PSYoungGen      total 140288K, used 21493K [0x9df80000, 0xad5c0000, 0xb3500000)
  eden space 118784K, 0% used [0x9df80000,0x9df80000,0xa5380000)
  from space 21504K, 99% used [0xa5380000,0xa687d4a8,0xa6880000)
  to   space 30976K, 0% used [0xab780000,0xab780000,0xad5c0000)
 ParOldGen       total 41728K, used 34329K [0x73500000, 0x75dc0000, 0x9df80000)
  object space 41728K, 82% used [0x73500000,0x756865c0,0x75dc0000)
 PSPermGen       total 16384K, used 4019K [0x6f500000, 0x70500000, 0x73500000)
  object space 16384K, 24% used [0x6f500000,0x6f8ecc18,0x70500000)
}
Event: 26.865 GC heap before
{Heap before GC invocations=10 (full 1):
 PSYoungGen      total 140288K, used 21493K [0x9df80000, 0xad5c0000, 0xb3500000)
  eden space 118784K, 0% used [0x9df80000,0x9df80000,0xa5380000)
  from space 21504K, 99% used [0xa5380000,0xa687d4a8,0xa6880000)
  to   space 30976K, 0% used [0xab780000,0xab780000,0xad5c0000)
 ParOldGen       total 41728K, used 34329K [0x73500000, 0x75dc0000, 0x9df80000)
  object space 41728K, 82% used [0x73500000,0x756865c0,0x75dc0000)
 PSPermGen       total 16384K, used 4019K [0x6f500000, 0x70500000, 0x73500000)
  object space 16384K, 24% used [0x6f500000,0x6f8ecc18,0x70500000)
Event: 27.611 GC heap after
Heap after GC invocations=10 (full 1):
 PSYoungGen      total 140288K, used 10176K [0x9df80000, 0xad5c0000, 0xb3500000)
  eden space 118784K, 0% used [0x9df80000,0x9df80000,0xa5380000)
  from space 21504K, 47% used [0xa5380000,0xa5d703d0,0xa6880000)
  to   space 30976K, 0% used [0xab780000,0xab780000,0xad5c0000)
 ParOldGen       total 76288K, used 41705K [0x73500000, 0x77f80000, 0x9df80000)
  object space 76288K, 54% used [0x73500000,0x75dba4e0,0x77f80000)
 PSPermGen       total 16384K, used 4016K [0x6f500000, 0x70500000, 0x73500000)
  object space 16384K, 24% used [0x6f500000,0x6f8ec1c8,0x70500000)
}
Event: 65.607 GC heap before
{Heap before GC invocations=11 (full 1):
 PSYoungGen      total 140288K, used 128960K [0x9df80000, 0xad5c0000, 0xb3500000)
  eden space 118784K, 100% used [0x9df80000,0xa5380000,0xa5380000)
  from space 21504K, 47% used [0xa5380000,0xa5d703d0,0xa6880000)
  to   space 30976K, 0% used [0xab780000,0xab780000,0xad5c0000)
 ParOldGen       total 76288K, used 41705K [0x73500000, 0x77f80000, 0x9df80000)
  object space 76288K, 54% used [0x73500000,0x75dba4e0,0x77f80000)
 PSPermGen       total 16384K, used 4030K [0x6f500000, 0x70500000, 0x73500000)
  object space 16384K, 24% used [0x6f500000,0x6f8efac0,0x70500000)
Event: 66.715 GC heap after
Heap after GC invocations=11 (full 1):
 PSYoungGen      total 180992K, used 23456K [0x9df80000, 0xace80000, 0xb3500000)
  eden space 157440K, 0% used [0x9df80000,0x9df80000,0xa7940000)
  from space 23552K, 99% used [0xab780000,0xace68338,0xace80000)
  to   space 33536K, 0% used [0xa8d00000,0xa8d00000,0xaadc0000)
 ParOldGen       total 76288K, used 47024K [0x73500000, 0x77f80000, 0x9df80000)
  object space 76288K, 61% used [0x73500000,0x762ec2a0,0x77f80000)
 PSPermGen       total 16384K, used 4030K [0x6f500000, 0x70500000, 0x73500000)
  object space 16384K, 24% used [0x6f500000,0x6f8efac0,0x70500000)
}
Event: 76.374 GC heap before
{Heap before GC invocations=12 (full 1):
 PSYoungGen      total 180992K, used 180896K [0x9df80000, 0xace80000, 0xb3500000)
  eden space 157440K, 100% used [0x9df80000,0xa7940000,0xa7940000)
  from space 23552K, 99% used [0xab780000,0xace68338,0xace80000)
  to   space 33536K, 0% used [0xa8d00000,0xa8d00000,0xaadc0000)
 ParOldGen       total 76288K, used 47024K [0x73500000, 0x77f80000, 0x9df80000)
  object space 76288K, 61% used [0x73500000,0x762ec2a0,0x77f80000)
 PSPermGen       total 16384K, used 4034K [0x6f500000, 0x70500000, 0x73500000)
  object space 16384K, 24% used [0x6f500000,0x6f8f0bc0,0x70500000)

