# JRE version: Java(TM) SE Runtime Environment (7.0_79-b15) (build 1.7.0_79-b15)
# Java VM: Java HotSpot(TM) Server VM (24.79-b02 mixed mode linux-x86 )
Heap
 PSYoungGen      total 66048K, used 2555K [0x9df80000, 0xa2280000, 0xb3500000)
  eden space 63488K, 0% used [0x9df80000,0x9df80000,0xa1d80000)
  from space 2560K, 99% used [0xa1d80000,0xa1ffecb8,0xa2000000)
  to   space 2560K, 0% used [0xa2000000,0xa2000000,0xa2280000)
 ParOldGen       total 41728K, used 22429K [0x73500000, 0x75dc0000, 0x9df80000)
  object space 41728K, 53% used [0x73500000,0x74ae74c8,0x75dc0000)
 PSPermGen       total 16384K, used 3955K [0x6f500000, 0x70500000, 0x73500000)
  object space 16384K, 24% used [0x6f500000,0x6f8dce00,0x70500000)
GC Heap History (9 events):
Event: 2.115 GC heap before
{Heap before GC invocations=1 (full 0):
 PSYoungGen      total 18432K, used 15872K [0x9df80000, 0x9f400000, 0xb3500000)
  eden space 15872K, 100% used [0x9df80000,0x9ef00000,0x9ef00000)
  from space 2560K, 0% used [0x9f180000,0x9f180000,0x9f400000)
  to   space 2560K, 0% used [0x9ef00000,0x9ef00000,0x9f180000)
 ParOldGen       total 41728K, used 0K [0x73500000, 0x75dc0000, 0x9df80000)
  object space 41728K, 0% used [0x73500000,0x73500000,0x75dc0000)
 PSPermGen       total 16384K, used 3703K [0x6f500000, 0x70500000, 0x73500000)
  object space 16384K, 22% used [0x6f500000,0x6f89de20,0x70500000)
Event: 2.135 GC heap after
Heap after GC invocations=1 (full 0):
 PSYoungGen      total 18432K, used 2554K [0x9df80000, 0xa0380000, 0xb3500000)
  eden space 15872K, 0% used [0x9df80000,0x9df80000,0x9ef00000)
  from space 2560K, 99% used [0x9ef00000,0x9f17eaf0,0x9f180000)
  to   space 2560K, 0% used [0xa0100000,0xa0100000,0xa0380000)
 ParOldGen       total 41728K, used 691K [0x73500000, 0x75dc0000, 0x9df80000)
  object space 41728K, 1% used [0x73500000,0x735acc78,0x75dc0000)
 PSPermGen       total 16384K, used 3703K [0x6f500000, 0x70500000, 0x73500000)
  object space 16384K, 22% used [0x6f500000,0x6f89de20,0x70500000)
}
Event: 4.251 GC heap before
{Heap before GC invocations=2 (full 0):
 PSYoungGen      total 18432K, used 18426K [0x9df80000, 0xa0380000, 0xb3500000)
  eden space 15872K, 100% used [0x9df80000,0x9ef00000,0x9ef00000)
  from space 2560K, 99% used [0x9ef00000,0x9f17eaf0,0x9f180000)
  to   space 2560K, 0% used [0xa0100000,0xa0100000,0xa0380000)
 ParOldGen       total 41728K, used 691K [0x73500000, 0x75dc0000, 0x9df80000)
  object space 41728K, 1% used [0x73500000,0x735acc78,0x75dc0000)
 PSPermGen       total 16384K, used 3858K [0x6f500000, 0x70500000, 0x73500000)
  object space 16384K, 23% used [0x6f500000,0x6f8c4998,0x70500000)
Event: 4.303 GC heap after
Heap after GC invocations=2 (full 0):
 PSYoungGen      total 34304K, used 2547K [0x9df80000, 0xa0380000, 0xb3500000)
  eden space 31744K, 0% used [0x9df80000,0x9df80000,0x9fe80000)
  from space 2560K, 99% used [0xa0100000,0xa037cd58,0xa0380000)
  to   space 2560K, 0% used [0x9fe80000,0x9fe80000,0xa0100000)
 ParOldGen       total 41728K, used 2404K [0x73500000, 0x75dc0000, 0x9df80000)
  object space 41728K, 5% used [0x73500000,0x73759390,0x75dc0000)
 PSPermGen       total 16384K, used 3858K [0x6f500000, 0x70500000, 0x73500000)
  object space 16384K, 23% used [0x6f500000,0x6f8c4998,0x70500000)
}
Event: 11.995 GC heap before
{Heap before GC invocations=3 (full 0):
 PSYoungGen      total 34304K, used 34291K [0x9df80000, 0xa0380000, 0xb3500000)
  eden space 31744K, 100% used [0x9df80000,0x9fe80000,0x9fe80000)
  from space 2560K, 99% used [0xa0100000,0xa037cd58,0xa0380000)
  to   space 2560K, 0% used [0x9fe80000,0x9fe80000,0xa0100000)
 ParOldGen       total 41728K, used 2404K [0x73500000, 0x75dc0000, 0x9df80000)
  object space 41728K, 5% used [0x73500000,0x73759390,0x75dc0000)
 PSPermGen       total 16384K, used 3906K [0x6f500000, 0x70500000, 0x73500000)
  object space 16384K, 23% used [0x6f500000,0x6f8d0940,0x70500000)
Event: 12.078 GC heap after
Heap after GC invocations=3 (full 0):
 PSYoungGen      total 34304K, used 2557K [0x9df80000, 0xa2280000, 0xb3500000)
  eden space 31744K, 0% used [0x9df80000,0x9df80000,0x9fe80000)
  from space 2560K, 99% used [0x9fe80000,0xa00ff570,0xa0100000)
  to   space 2560K, 0% used [0xa2000000,0xa2000000,0xa2280000)
 ParOldGen       total 41728K, used 7746K [0x73500000, 0x75dc0000, 0x9df80000)
  object space 41728K, 18% used [0x73500000,0x73c90a70,0x75dc0000)
 PSPermGen       total 16384K, used 3906K [0x6f500000, 0x70500000, 0x73500000)
  object space 16384K, 23% used [0x6f500000,0x6f8d0940,0x70500000)
}
Event: 15.471 GC heap before
{Heap before GC invocations=4 (full 0):
 PSYoungGen      total 34304K, used 34301K [0x9df80000, 0xa2280000, 0xb3500000)
  eden space 31744K, 100% used [0x9df80000,0x9fe80000,0x9fe80000)
  from space 2560K, 99% used [0x9fe80000,0xa00ff570,0xa0100000)
  to   space 2560K, 0% used [0xa2000000,0xa2000000,0xa2280000)
 ParOldGen       total 41728K, used 7746K [0x73500000, 0x75dc0000, 0x9df80000)
  object space 41728K, 18% used [0x73500000,0x73c90a70,0x75dc0000)
 PSPermGen       total 16384K, used 3929K [0x6f500000, 0x70500000, 0x73500000)
  object space 16384K, 23% used [0x6f500000,0x6f8d6798,0x70500000)
Event: 15.583 GC heap after
Heap after GC invocations=4 (full 0):
 PSYoungGen      total 66048K, used 2554K [0x9df80000, 0xa2280000, 0xb3500000)
  eden space 63488K, 0% used [0x9df80000,0x9df80000,0xa1d80000)
  from space 2560K, 99% used [0xa2000000,0xa227ea78,0xa2280000)
  to   space 2560K, 0% used [0xa1d80000,0xa1d80000,0xa2000000)
 ParOldGen       total 41728K, used 13045K [0x73500000, 0x75dc0000, 0x9df80000)
  object space 41728K, 31% used [0x73500000,0x741bd758,0x75dc0000)
 PSPermGen       total 16384K, used 3929K [0x6f500000, 0x70500000, 0x73500000)
  object space 16384K, 23% used [0x6f500000,0x6f8d6798,0x70500000)
}
Event: 24.111 GC heap before
{Heap before GC invocations=5 (full 0):
 PSYoungGen      total 66048K, used 66042K [0x9df80000, 0xa2280000, 0xb3500000)
  eden space 63488K, 100% used [0x9df80000,0xa1d80000,0xa1d80000)
  from space 2560K, 99% used [0xa2000000,0xa227ea78,0xa2280000)
  to   space 2560K, 0% used [0xa1d80000,0xa1d80000,0xa2000000)
 ParOldGen       total 41728K, used 13045K [0x73500000, 0x75dc0000, 0x9df80000)
  object space 41728K, 31% used [0x73500000,0x741bd758,0x75dc0000)
 PSPermGen       total 16384K, used 3955K [0x6f500000, 0x70500000, 0x73500000)
  object space 16384K, 24% used [0x6f500000,0x6f8dce00,0x70500000)

