# JRE version: Java(TM) SE Runtime Environment (7.0_79-b15) (build 1.7.0_79-b15)
# Java VM: Java HotSpot(TM) Server VM (24.79-b02 mixed mode linux-x86 )
Heap
 PSYoungGen      total 271360K, used 14032K [0x9df80000, 0xb3500000, 0xb3500000)
  eden space 238336K, 0% used [0x9df80000,0x9df80000,0xac840000)
  from space 33024K, 42% used [0xac840000,0xad5f43e0,0xae880000)
  to   space 47872K, 0% used [0xb0640000,0xb0640000,0xb3500000)
 ParOldGen       total 79616K, used 79427K [0x73500000, 0x782c0000, 0x9df80000)
  object space 79616K, 99% used [0x73500000,0x78290c30,0x782c0000)
 PSPermGen       total 16384K, used 4039K [0x6f500000, 0x70500000, 0x73500000)
  object space 16384K, 24% used [0x6f500000,0x6f8f1ca8,0x70500000)
GC Heap History (10 events):
Event: 17.262 GC heap after
Heap after GC invocations=6 (full 0):
 PSYoungGen      total 139520K, used 12199K [0x9df80000, 0xa7d00000, 0xb3500000)
  eden space 124672K, 0% used [0x9df80000,0x9df80000,0xa5940000)
  from space 14848K, 82% used [0xa6a00000,0xa75e9d90,0xa7880000)
  to   space 17152K, 0% used [0xa5940000,0xa5940000,0xa6a00000)
 ParOldGen       total 41728K, used 19678K [0x73500000, 0x75dc0000, 0x9df80000)
  object space 41728K, 47% used [0x73500000,0x74837968,0x75dc0000)
 PSPermGen       total 16384K, used 3967K [0x6f500000, 0x70500000, 0x73500000)
  object space 16384K, 24% used [0x6f500000,0x6f8dfe38,0x70500000)
}
Event: 19.946 GC heap before
{Heap before GC invocations=7 (full 0):
 PSYoungGen      total 139520K, used 136871K [0x9df80000, 0xa7d00000, 0xb3500000)
  eden space 124672K, 100% used [0x9df80000,0xa5940000,0xa5940000)
  from space 14848K, 82% used [0xa6a00000,0xa75e9d90,0xa7880000)
  to   space 17152K, 0% used [0xa5940000,0xa5940000,0xa6a00000)
 ParOldGen       total 41728K, used 19678K [0x73500000, 0x75dc0000, 0x9df80000)
  object space 41728K, 47% used [0x73500000,0x74837968,0x75dc0000)
 PSPermGen       total 16384K, used 4016K [0x6f500000, 0x70500000, 0x73500000)
  object space 16384K, 24% used [0x6f500000,0x6f8ec148,0x70500000)
Event: 20.101 GC heap after
Heap after GC invocations=7 (full 0):
 PSYoungGen      total 141824K, used 17140K [0x9df80000, 0xb0a00000, 0xb3500000)
  eden space 124672K, 0% used [0x9df80000,0x9df80000,0xa5940000)
  from space 17152K, 99% used [0xa5940000,0xa69fd398,0xa6a00000)
  to   space 28160K, 0% used [0xaee80000,0xaee80000,0xb0a00000)
 ParOldGen       total 41728K, used 34310K [0x73500000, 0x75dc0000, 0x9df80000)
  object space 41728K, 82% used [0x73500000,0x75681bd8,0x75dc0000)
 PSPermGen       total 16384K, used 4016K [0x6f500000, 0x70500000, 0x73500000)
  object space 16384K, 24% used [0x6f500000,0x6f8ec148,0x70500000)
}
Event: 20.101 GC heap before
{Heap before GC invocations=8 (full 1):
 PSYoungGen      total 141824K, used 17140K [0x9df80000, 0xb0a00000, 0xb3500000)
  eden space 124672K, 0% used [0x9df80000,0x9df80000,0xa5940000)
  from space 17152K, 99% used [0xa5940000,0xa69fd398,0xa6a00000)
  to   space 28160K, 0% used [0xaee80000,0xaee80000,0xb0a00000)
 ParOldGen       total 41728K, used 34310K [0x73500000, 0x75dc0000, 0x9df80000)
  object space 41728K, 82% used [0x73500000,0x75681bd8,0x75dc0000)
 PSPermGen       total 16384K, used 4016K [0x6f500000, 0x70500000, 0x73500000)
  object space 16384K, 24% used [0x6f500000,0x6f8ec148,0x70500000)
Event: 20.563 GC heap after
Heap after GC invocations=8 (full 1):
 PSYoungGen      total 141824K, used 6342K [0x9df80000, 0xb0a00000, 0xb3500000)
  eden space 124672K, 0% used [0x9df80000,0x9df80000,0xa5940000)
  from space 17152K, 36% used [0xa5940000,0xa5f719c0,0xa6a00000)
  to   space 28160K, 0% used [0xaee80000,0xaee80000,0xb0a00000)
 ParOldGen       total 79616K, used 41541K [0x73500000, 0x782c0000, 0x9df80000)
  object space 79616K, 52% used [0x73500000,0x75d915f0,0x782c0000)
 PSPermGen       total 16384K, used 4013K [0x6f500000, 0x70500000, 0x73500000)
  object space 16384K, 24% used [0x6f500000,0x6f8eb6f8,0x70500000)
}
Event: 22.813 GC heap before
{Heap before GC invocations=9 (full 1):
 PSYoungGen      total 141824K, used 131014K [0x9df80000, 0xb0a00000, 0xb3500000)
  eden space 124672K, 100% used [0x9df80000,0xa5940000,0xa5940000)
  from space 17152K, 36% used [0xa5940000,0xa5f719c0,0xa6a00000)
  to   space 28160K, 0% used [0xaee80000,0xaee80000,0xb0a00000)
 ParOldGen       total 79616K, used 41541K [0x73500000, 0x782c0000, 0x9df80000)
  object space 79616K, 52% used [0x73500000,0x75d915f0,0x782c0000)
 PSPermGen       total 16384K, used 4030K [0x6f500000, 0x70500000, 0x73500000)
  object space 16384K, 24% used [0x6f500000,0x6f8efa88,0x70500000)
Event: 22.888 GC heap after
Heap after GC invocations=9 (full 1):
 PSYoungGen      total 222464K, used 26636K [0x9df80000, 0xb08c0000, 0xb3500000)
  eden space 195584K, 0% used [0x9df80000,0x9df80000,0xa9e80000)
  from space 26880K, 99% used [0xaee80000,0xb0883218,0xb08c0000)
  to   space 33024K, 0% used [0xac840000,0xac840000,0xae880000)
 ParOldGen       total 79616K, used 41541K [0x73500000, 0x782c0000, 0x9df80000)
  object space 79616K, 52% used [0x73500000,0x75d915f0,0x782c0000)
 PSPermGen       total 16384K, used 4030K [0x6f500000, 0x70500000, 0x73500000)
  object space 16384K, 24% used [0x6f500000,0x6f8efa88,0x70500000)
}
Event: 25.481 GC heap before
{Heap before GC invocations=10 (full 1):
 PSYoungGen      total 222464K, used 222220K [0x9df80000, 0xb08c0000, 0xb3500000)
  eden space 195584K, 100% used [0x9df80000,0xa9e80000,0xa9e80000)
  from space 26880K, 99% used [0xaee80000,0xb0883218,0xb08c0000)
  to   space 33024K, 0% used [0xac840000,0xac840000,0xae880000)
 ParOldGen       total 79616K, used 41541K [0x73500000, 0x782c0000, 0x9df80000)
  object space 79616K, 52% used [0x73500000,0x75d915f0,0x782c0000)
 PSPermGen       total 16384K, used 4039K [0x6f500000, 0x70500000, 0x73500000)
  object space 16384K, 24% used [0x6f500000,0x6f8f1ea8,0x70500000)
Event: 25.646 GC heap after
Heap after GC invocations=10 (full 1):
 PSYoungGen      total 271360K, used 33023K [0x9df80000, 0xb3500000, 0xb3500000)
  eden space 238336K, 0% used [0x9df80000,0x9df80000,0xac840000)
  from space 33024K, 99% used [0xac840000,0xae87feb0,0xae880000)
  to   space 47872K, 0% used [0xb0640000,0xb0640000,0xb3500000)
 ParOldGen       total 79616K, used 63007K [0x73500000, 0x782c0000, 0x9df80000)
  object space 79616K, 79% used [0x73500000,0x77287f10,0x782c0000)
 PSPermGen       total 16384K, used 4039K [0x6f500000, 0x70500000, 0x73500000)
  object space 16384K, 24% used [0x6f500000,0x6f8f1ea8,0x70500000)
}
Event: 25.646 GC heap before
{Heap before GC invocations=11 (full 2):
 PSYoungGen      total 271360K, used 33023K [0x9df80000, 0xb3500000, 0xb3500000)
  eden space 238336K, 0% used [0x9df80000,0x9df80000,0xac840000)
  from space 33024K, 99% used [0xac840000,0xae87feb0,0xae880000)
  to   space 47872K, 0% used [0xb0640000,0xb0640000,0xb3500000)
 ParOldGen       total 79616K, used 63007K [0x73500000, 0x782c0000, 0x9df80000)
  object space 79616K, 79% used [0x73500000,0x77287f10,0x782c0000)
 PSPermGen       total 16384K, used 4039K [0x6f500000, 0x70500000, 0x73500000)
  object space 16384K, 24% used [0x6f500000,0x6f8f1ea8,0x70500000)

