# JRE version: Java(TM) SE Runtime Environment (7.0_79-b15) (build 1.7.0_79-b15)
# Java VM: Java HotSpot(TM) Server VM (24.79-b02 mixed mode linux-x86 )
Heap
 PSYoungGen      total 34304K, used 2557K [0x9df40000, 0xa0340000, 0xb34c0000)
  eden space 31744K, 0% used [0x9df40000,0x9df40000,0x9fe40000)
  from space 2560K, 99% used [0x9fe40000,0xa00bf788,0xa00c0000)
  to   space 2560K, 0% used [0xa00c0000,0xa00c0000,0xa0340000)
 ParOldGen       total 41728K, used 9858K [0x734c0000, 0x75d80000, 0x9df40000)
  object space 41728K, 23% used [0x734c0000,0x73e60830,0x75d80000)
 PSPermGen       total 16384K, used 3920K [0x6f4c0000, 0x704c0000, 0x734c0000)
  object space 16384K, 23% used [0x6f4c0000,0x6f8940c0,0x704c0000)
GC Heap History (9 events):
Event: 2.366 GC heap before
{Heap before GC invocations=1 (full 0):
 PSYoungGen      total 18432K, used 15872K [0x9df40000, 0x9f3c0000, 0xb34c0000)
  eden space 15872K, 100% used [0x9df40000,0x9eec0000,0x9eec0000)
  from space 2560K, 0% used [0x9f140000,0x9f140000,0x9f3c0000)
  to   space 2560K, 0% used [0x9eec0000,0x9eec0000,0x9f140000)
 ParOldGen       total 41728K, used 0K [0x734c0000, 0x75d80000, 0x9df40000)
  object space 41728K, 0% used [0x734c0000,0x734c0000,0x75d80000)
 PSPermGen       total 16384K, used 2179K [0x6f4c0000, 0x704c0000, 0x734c0000)
  object space 16384K, 13% used [0x6f4c0000,0x6f6e0f88,0x704c0000)
Event: 2.369 GC heap after
Heap after GC invocations=1 (full 0):
 PSYoungGen      total 18432K, used 953K [0x9df40000, 0x9f3c0000, 0xb34c0000)
  eden space 15872K, 0% used [0x9df40000,0x9df40000,0x9eec0000)
  from space 2560K, 37% used [0x9eec0000,0x9efae798,0x9f140000)
  to   space 2560K, 0% used [0x9f140000,0x9f140000,0x9f3c0000)
 ParOldGen       total 41728K, used 4K [0x734c0000, 0x75d80000, 0x9df40000)
  object space 41728K, 0% used [0x734c0000,0x734c1000,0x75d80000)
 PSPermGen       total 16384K, used 2179K [0x6f4c0000, 0x704c0000, 0x734c0000)
  object space 16384K, 13% used [0x6f4c0000,0x6f6e0f88,0x704c0000)
}
Event: 2.431 GC heap before
{Heap before GC invocations=2 (full 0):
 PSYoungGen      total 18432K, used 16825K [0x9df40000, 0x9f3c0000, 0xb34c0000)
  eden space 15872K, 100% used [0x9df40000,0x9eec0000,0x9eec0000)
  from space 2560K, 37% used [0x9eec0000,0x9efae798,0x9f140000)
  to   space 2560K, 0% used [0x9f140000,0x9f140000,0x9f3c0000)
 ParOldGen       total 41728K, used 4K [0x734c0000, 0x75d80000, 0x9df40000)
  object space 41728K, 0% used [0x734c0000,0x734c1000,0x75d80000)
 PSPermGen       total 16384K, used 2179K [0x6f4c0000, 0x704c0000, 0x734c0000)
  object space 16384K, 13% used [0x6f4c0000,0x6f6e0f88,0x704c0000)
Event: 2.436 GC heap after
Heap after GC invocations=2 (full 0):
 PSYoungGen      total 18432K, used 720K [0x9df40000, 0xa0340000, 0xb34c0000)
  eden space 15872K, 0% used [0x9df40000,0x9df40000,0x9eec0000)
  from space 2560K, 28% used [0x9f140000,0x9f1f4070,0x9f3c0000)
  to   space 2560K, 0% used [0x9eec0000,0x9eec0000,0x9f140000)
 ParOldGen       total 41728K, used 4K [0x734c0000, 0x75d80000, 0x9df40000)
  object space 41728K, 0% used [0x734c0000,0x734c1000,0x75d80000)
 PSPermGen       total 16384K, used 2179K [0x6f4c0000, 0x704c0000, 0x734c0000)
  object space 16384K, 13% used [0x6f4c0000,0x6f6e0f88,0x704c0000)
}
Event: 4.154 GC heap before
{Heap before GC invocations=3 (full 0):
 PSYoungGen      total 18432K, used 16592K [0x9df40000, 0xa0340000, 0xb34c0000)
  eden space 15872K, 100% used [0x9df40000,0x9eec0000,0x9eec0000)
  from space 2560K, 28% used [0x9f140000,0x9f1f4070,0x9f3c0000)
  to   space 2560K, 0% used [0x9eec0000,0x9eec0000,0x9f140000)
 ParOldGen       total 41728K, used 4K [0x734c0000, 0x75d80000, 0x9df40000)
  object space 41728K, 0% used [0x734c0000,0x734c1000,0x75d80000)
 PSPermGen       total 16384K, used 3776K [0x6f4c0000, 0x704c0000, 0x734c0000)
  object space 16384K, 23% used [0x6f4c0000,0x6f8701e0,0x704c0000)
Event: 4.188 GC heap after
Heap after GC invocations=3 (full 0):
 PSYoungGen      total 18432K, used 2557K [0x9df40000, 0xa0340000, 0xb34c0000)
  eden space 15872K, 0% used [0x9df40000,0x9df40000,0x9eec0000)
  from space 2560K, 99% used [0x9eec0000,0x9f13f720,0x9f140000)
  to   space 2560K, 0% used [0xa00c0000,0xa00c0000,0xa0340000)
 ParOldGen       total 41728K, used 1737K [0x734c0000, 0x75d80000, 0x9df40000)
  object space 41728K, 4% used [0x734c0000,0x736726e8,0x75d80000)
 PSPermGen       total 16384K, used 3776K [0x6f4c0000, 0x704c0000, 0x734c0000)
  object space 16384K, 23% used [0x6f4c0000,0x6f8701e0,0x704c0000)
}
Event: 4.875 GC heap before
{Heap before GC invocations=4 (full 0):
 PSYoungGen      total 18432K, used 18429K [0x9df40000, 0xa0340000, 0xb34c0000)
  eden space 15872K, 100% used [0x9df40000,0x9eec0000,0x9eec0000)
  from space 2560K, 99% used [0x9eec0000,0x9f13f720,0x9f140000)
  to   space 2560K, 0% used [0xa00c0000,0xa00c0000,0xa0340000)
 ParOldGen       total 41728K, used 1737K [0x734c0000, 0x75d80000, 0x9df40000)
  object space 41728K, 4% used [0x734c0000,0x736726e8,0x75d80000)
 PSPermGen       total 16384K, used 3871K [0x6f4c0000, 0x704c0000, 0x734c0000)
  object space 16384K, 23% used [0x6f4c0000,0x6f887f98,0x704c0000)
Event: 4.888 GC heap after
Heap after GC invocations=4 (full 0):
 PSYoungGen      total 34304K, used 2549K [0x9df40000, 0xa0340000, 0xb34c0000)
  eden space 31744K, 0% used [0x9df40000,0x9df40000,0x9fe40000)
  from space 2560K, 99% used [0xa00c0000,0xa033d418,0xa0340000)
  to   space 2560K, 0% used [0x9fe40000,0x9fe40000,0xa00c0000)
 ParOldGen       total 41728K, used 4610K [0x734c0000, 0x75d80000, 0x9df40000)
  object space 41728K, 11% used [0x734c0000,0x73940ad8,0x75d80000)
 PSPermGen       total 16384K, used 3871K [0x6f4c0000, 0x704c0000, 0x734c0000)
  object space 16384K, 23% used [0x6f4c0000,0x6f887f98,0x704c0000)
}
Event: 6.231 GC heap before
{Heap before GC invocations=5 (full 0):
 PSYoungGen      total 34304K, used 34293K [0x9df40000, 0xa0340000, 0xb34c0000)
  eden space 31744K, 100% used [0x9df40000,0x9fe40000,0x9fe40000)
  from space 2560K, 99% used [0xa00c0000,0xa033d418,0xa0340000)
  to   space 2560K, 0% used [0x9fe40000,0x9fe40000,0xa00c0000)
 ParOldGen       total 41728K, used 4610K [0x734c0000, 0x75d80000, 0x9df40000)
  object space 41728K, 11% used [0x734c0000,0x73940ad8,0x75d80000)
 PSPermGen       total 16384K, used 3920K [0x6f4c0000, 0x704c0000, 0x734c0000)
  object space 16384K, 23% used [0x6f4c0000,0x6f8940c0,0x704c0000)

